INFO Watching for file changes with StatReloader
WARNING Not Found: /favicon.ico
WARNING "GET /favicon.ico HTTP/1.1" 404 2245
WARNING Not Found: /slscrmeeting
WARNING "GET /slscrmeeting HTTP/1.1" 404 2248
INFO Watching for file changes with StatReloader
WARNING Not Found: /media/
WARNING "GET /media/ HTTP/1.1" 404 2606
WARNING Not Found: /media/
WARNING "GET /media/ HTTP/1.1" 404 2606
ERROR Internal Server Error: /master_register
Traceback (most recent call last):
  File "E:\My New Projects\env\lib\site-packages\django\core\handlers\exception.py", line 55, in inner
    response = get_response(request)
  File "E:\My New Projects\env\lib\site-packages\django\core\handlers\base.py", line 197, in _get_response
    response = wrapped_callback(request, *callback_args, **callback_kwargs)
  File "E:\My New Projects\plant_Transport\master\views.py", line 12, in register
    return render(request,"nav_bar.html",{"level":level})
  File "E:\My New Projects\env\lib\site-packages\django\shortcuts.py", line 24, in render
    content = loader.render_to_string(template_name, context, request, using=using)
  File "E:\My New Projects\env\lib\site-packages\django\template\loader.py", line 61, in render_to_string
    template = get_template(template_name, using=using)
  File "E:\My New Projects\env\lib\site-packages\django\template\loader.py", line 19, in get_template
    raise TemplateDoesNotExist(template_name, chain=chain)
django.template.exceptions.TemplateDoesNotExist: nav_bar.html
ERROR "GET /master_register HTTP/1.1" 500 78522
INFO E:\My New Projects\plant_Transport\plant_Transport\settings.py changed, reloading.
INFO Watching for file changes with StatReloader
INFO "GET /master_register HTTP/1.1" 200 1065
INFO "GET /static/js/bootstrap.bundle.min.js HTTP/1.1" 200 78468
INFO "GET /static/css/bootstrap.min.css HTTP/1.1" 200 162720
INFO "GET /master_register HTTP/1.1" 200 1061
INFO E:\My New Projects\plant_Transport\master\views.py changed, reloading.
INFO Watching for file changes with StatReloader
INFO "GET /master_register HTTP/1.1" 200 354
INFO "GET /master_register HTTP/1.1" 200 835
WARNING Not Found: /...
WARNING "GET /... HTTP/1.1" 404 2407
INFO "GET /master_register HTTP/1.1" 200 862
WARNING Not Found: /...
WARNING "GET /... HTTP/1.1" 404 2407
INFO "GET /static/css/bootstrap.min.css.map HTTP/1.1" 200 449111
INFO "GET /master_register HTTP/1.1" 200 889
WARNING Not Found: /...
WARNING "GET /... HTTP/1.1" 404 2407
INFO "GET /static/css/bootstrap.min.css.map HTTP/1.1" 200 449111
INFO "GET /master_register HTTP/1.1" 200 885
WARNING Not Found: /...
WARNING "GET /... HTTP/1.1" 404 2407
INFO "GET /static/css/bootstrap.min.css.map HTTP/1.1" 200 449111
INFO "GET /master_register HTTP/1.1" 200 889
WARNING Not Found: /...
WARNING "GET /... HTTP/1.1" 404 2407
INFO "GET /static/css/bootstrap.min.css.map HTTP/1.1" 200 449111
INFO "GET /master_register HTTP/1.1" 200 889
WARNING Not Found: /...
WARNING "GET /... HTTP/1.1" 404 2407
INFO "GET /static/css/bootstrap.min.css.map HTTP/1.1" 200 449111
INFO "GET /master_register HTTP/1.1" 200 889
WARNING Not Found: /...
WARNING "GET /... HTTP/1.1" 404 2407
INFO "GET /static/css/bootstrap.min.css.map HTTP/1.1" 200 449111
INFO "GET /master_register HTTP/1.1" 200 892
WARNING Not Found: /...
WARNING "GET /... HTTP/1.1" 404 2407
INFO "GET /master_register HTTP/1.1" 200 895
WARNING Not Found: /...
WARNING "GET /... HTTP/1.1" 404 2407
INFO "GET /master_register HTTP/1.1" 200 895
WARNING Not Found: /...
WARNING "GET /... HTTP/1.1" 404 2407
INFO "GET /master_register HTTP/1.1" 200 831
WARNING Not Found: /...
WARNING "GET /... HTTP/1.1" 404 2407
INFO "GET /master_register HTTP/1.1" 200 857
WARNING Not Found: /...
WARNING "GET /... HTTP/1.1" 404 2407
INFO "GET /master_register HTTP/1.1" 200 858
WARNING Not Found: /...
WARNING "GET /... HTTP/1.1" 404 2407
INFO "GET /master_register HTTP/1.1" 200 858
WARNING Not Found: /...
WARNING "GET /... HTTP/1.1" 404 2407
INFO "GET /master_register HTTP/1.1" 200 858
WARNING Not Found: /...
WARNING "GET /... HTTP/1.1" 404 2407
INFO "GET /master_register HTTP/1.1" 200 858
WARNING Not Found: /...
WARNING "GET /... HTTP/1.1" 404 2407
INFO "GET /master_register HTTP/1.1" 200 852
INFO "GET /master_register HTTP/1.1" 200 926
INFO "GET /master_register HTTP/1.1" 200 943
INFO "GET /master_register HTTP/1.1" 200 1052
INFO "GET /master_register HTTP/1.1" 200 1076
WARNING Not Found: /register.css
WARNING "GET /register.css HTTP/1.1" 404 2434
INFO "GET /master_register HTTP/1.1" 200 1076
WARNING Not Found: /register.css
WARNING "GET /register.css HTTP/1.1" 404 2434
INFO "GET /master_register HTTP/1.1" 200 1076
WARNING Not Found: /register.css
WARNING "GET /register.css HTTP/1.1" 404 2434
INFO "GET /master_register HTTP/1.1" 200 1076
WARNING Not Found: /register.css
WARNING "GET /register.css HTTP/1.1" 404 2434
INFO "GET /master_register HTTP/1.1" 200 1076
WARNING Not Found: /register.css
WARNING "GET /register.css HTTP/1.1" 404 2434
INFO "GET /master_register HTTP/1.1" 200 1076
WARNING Not Found: /register.css
WARNING "GET /register.css HTTP/1.1" 404 2434
INFO "GET /master_register HTTP/1.1" 200 1076
WARNING Not Found: /register.css
WARNING "GET /register.css HTTP/1.1" 404 2434
INFO "GET /master_register HTTP/1.1" 200 1076
WARNING Not Found: /register.css
WARNING "GET /register.css HTTP/1.1" 404 2434
INFO "GET /master_register HTTP/1.1" 200 1076
WARNING Not Found: /register.css
WARNING "GET /register.css HTTP/1.1" 404 2434
INFO "GET /master_register HTTP/1.1" 200 1076
WARNING Not Found: /register.css
WARNING "GET /register.css HTTP/1.1" 404 2434
INFO "GET /master_register HTTP/1.1" 200 1076
WARNING Not Found: /register.css
WARNING "GET /register.css HTTP/1.1" 404 2434
INFO "GET /master_register HTTP/1.1" 200 1099
WARNING Not Found: /register.css
WARNING "GET /register.css HTTP/1.1" 404 2434
INFO "GET /master_register HTTP/1.1" 200 1192
WARNING Not Found: /register.css
WARNING "GET /register.css HTTP/1.1" 404 2434
INFO "GET /master_register HTTP/1.1" 200 1213
WARNING Not Found: /register.css
WARNING "GET /register.css HTTP/1.1" 404 2434
INFO "GET /master_register HTTP/1.1" 200 1237
WARNING Not Found: /register.css
WARNING "GET /register.css HTTP/1.1" 404 2434
INFO "GET /master_register HTTP/1.1" 200 1214
WARNING Not Found: /register.css
WARNING "GET /register.css HTTP/1.1" 404 2434
INFO "GET /master_register HTTP/1.1" 200 1284
WARNING Not Found: /register.css
WARNING "GET /register.css HTTP/1.1" 404 2434
INFO "GET /master_register HTTP/1.1" 200 1285
WARNING Not Found: /register.css
WARNING "GET /register.css HTTP/1.1" 404 2434
INFO "GET /master_register HTTP/1.1" 200 1306
WARNING Not Found: /register.css
WARNING "GET /register.css HTTP/1.1" 404 2434
INFO E:\My New Projects\plant_Transport\master\views.py changed, reloading.
INFO Watching for file changes with StatReloader
INFO E:\My New Projects\plant_Transport\master\urls.py changed, reloading.
INFO Watching for file changes with StatReloader
INFO "GET /user_register HTTP/1.1" 200 1328
WARNING Not Found: /register.css
WARNING "GET /register.css HTTP/1.1" 404 2432
INFO E:\My New Projects\plant_Transport\master\views.py changed, reloading.
INFO Watching for file changes with StatReloader
INFO E:\My New Projects\plant_Transport\master\urls.py changed, reloading.
INFO Watching for file changes with StatReloader
INFO "GET /user_register HTTP/1.1" 200 1328
WARNING Not Found: /register.css
WARNING "GET /register.css HTTP/1.1" 404 2432
WARNING Not Found: /register.css
WARNING "GET /register.css HTTP/1.1" 404 2432
INFO "GET /static/css/bootstrap.min.css.map HTTP/1.1" 200 449111
INFO "GET /user_register HTTP/1.1" 200 1197
WARNING Not Found: /register.css
WARNING "GET /register.css HTTP/1.1" 404 2432
INFO "GET /static/css/bootstrap.min.css.map HTTP/1.1" 200 449111
INFO "GET /user_register HTTP/1.1" 200 1193
WARNING Not Found: /register.css
WARNING "GET /register.css HTTP/1.1" 404 2432
INFO "GET /static/css/bootstrap.min.css.map HTTP/1.1" 200 449111
INFO "GET /user_register HTTP/1.1" 200 1202
WARNING Not Found: /register.css
WARNING "GET /register.css HTTP/1.1" 404 2432
INFO "GET /static/css/bootstrap.min.css.map HTTP/1.1" 200 449111
INFO "GET /user_register HTTP/1.1" 200 1197
WARNING Not Found: /register.css
WARNING "GET /register.css HTTP/1.1" 404 2432
INFO "GET /static/css/bootstrap.min.css.map HTTP/1.1" 200 449111
INFO "GET /user_register HTTP/1.1" 200 587
WARNING Not Found: /register.css
WARNING "GET /register.css HTTP/1.1" 404 2432
INFO "GET /static/css/bootstrap.min.css.map HTTP/1.1" 200 449111
INFO "GET /user_register HTTP/1.1" 200 587
WARNING Not Found: /register.css
WARNING "GET /register.css HTTP/1.1" 404 2432
INFO "GET /static/css/bootstrap.min.css.map HTTP/1.1" 200 449111
INFO "GET /user_register HTTP/1.1" 200 587
WARNING Not Found: /register.css
WARNING "GET /register.css HTTP/1.1" 404 2432
INFO "GET /static/css/bootstrap.min.css.map HTTP/1.1" 200 449111
INFO "GET /user_register HTTP/1.1" 200 587
WARNING Not Found: /register.css
WARNING "GET /register.css HTTP/1.1" 404 2432
INFO "GET /static/css/bootstrap.min.css.map HTTP/1.1" 200 449111
INFO "GET /user_register HTTP/1.1" 200 587
WARNING Not Found: /register.css
WARNING "GET /register.css HTTP/1.1" 404 2432
INFO "GET /static/css/bootstrap.min.css.map HTTP/1.1" 200 449111
INFO "GET /user_register HTTP/1.1" 200 587
WARNING Not Found: /register.css
WARNING "GET /register.css HTTP/1.1" 404 2432
INFO "GET /static/css/bootstrap.min.css.map HTTP/1.1" 200 449111
INFO "GET /user_register HTTP/1.1" 200 587
WARNING Not Found: /register.css
WARNING "GET /register.css HTTP/1.1" 404 2432
INFO "GET /static/css/bootstrap.min.css.map HTTP/1.1" 200 449111
WARNING Not Found: /register.css
WARNING "GET /register.css HTTP/1.1" 404 2432
INFO "GET /static/css/bootstrap.min.css.map HTTP/1.1" 200 449111
INFO "GET /user_register HTTP/1.1" 200 587
WARNING Not Found: /register.css
WARNING "GET /register.css HTTP/1.1" 404 2432
INFO "GET /static/css/bootstrap.min.css.map HTTP/1.1" 200 449111
INFO "GET /user_register HTTP/1.1" 200 587
WARNING Not Found: /register.css
WARNING "GET /register.css HTTP/1.1" 404 2432
INFO "GET /static/css/bootstrap.min.css.map HTTP/1.1" 200 449111
INFO "GET /user_register HTTP/1.1" 200 606
WARNING Not Found: /register.css
WARNING "GET /register.css HTTP/1.1" 404 2432
INFO "GET /static/css/bootstrap.min.css.map HTTP/1.1" 200 449111
INFO "GET /user_register HTTP/1.1" 200 608
WARNING Not Found: /register.css
WARNING "GET /register.css HTTP/1.1" 404 2432
INFO "GET /static/css/bootstrap.min.css.map HTTP/1.1" 200 449111
INFO "GET /user_register HTTP/1.1" 200 606
WARNING Not Found: /register.css
WARNING "GET /register.css HTTP/1.1" 404 2432
INFO "GET /static/css/bootstrap.min.css.map HTTP/1.1" 200 449111
INFO "GET /user_register HTTP/1.1" 200 606
WARNING Not Found: /register.css
WARNING "GET /register.css HTTP/1.1" 404 2432
INFO "GET /static/css/bootstrap.min.css.map HTTP/1.1" 200 449111
INFO "GET /user_register HTTP/1.1" 200 558
INFO "GET /static/css/bootstrap.min.css.map HTTP/1.1" 200 449111
INFO "GET /user_register HTTP/1.1" 200 558
INFO "GET /static/css/bootstrap.min.css.map HTTP/1.1" 200 449111
INFO "GET /user_register HTTP/1.1" 200 533
INFO "GET /static/css/bootstrap.min.css.map HTTP/1.1" 200 449111
INFO "GET /user_register HTTP/1.1" 200 533
INFO "GET /static/css/bootstrap.min.css.map HTTP/1.1" 200 449111
INFO "GET /user_register HTTP/1.1" 200 533
INFO "GET /static/css/bootstrap.min.css.map HTTP/1.1" 200 449111
INFO "GET /static/css/bootstrap.min.css.map HTTP/1.1" 200 449111
INFO "GET /user_register HTTP/1.1" 200 533
INFO "GET /static/css/bootstrap.min.css.map HTTP/1.1" 200 449111
INFO "GET /user_register HTTP/1.1" 200 532
INFO "GET /static/css/bootstrap.min.css.map HTTP/1.1" 200 449111
INFO "GET /user_register HTTP/1.1" 200 506
INFO "GET /static/css/bootstrap.min.css.map HTTP/1.1" 200 449111
INFO "GET /user_register HTTP/1.1" 200 507
INFO "GET /static/css/bootstrap.min.css.map HTTP/1.1" 200 449111
INFO "GET /user_register HTTP/1.1" 200 521
INFO "GET /static/css/bootstrap.min.css.map HTTP/1.1" 200 449111
INFO "GET /user_register HTTP/1.1" 200 531
INFO "GET /static/css/bootstrap.min.css.map HTTP/1.1" 200 449111
INFO "GET /user_register HTTP/1.1" 200 668
INFO "GET /static/css/bootstrap.min.css.map HTTP/1.1" 200 449111
INFO "GET /user_register HTTP/1.1" 200 711
INFO "GET /static/css/bootstrap.min.css.map HTTP/1.1" 200 449111
INFO "GET /user_register HTTP/1.1" 200 968
INFO "GET /static/css/bootstrap.min.css.map HTTP/1.1" 200 449111
INFO "GET /user_register HTTP/1.1" 200 955
INFO "GET /user_register HTTP/1.1" 200 941
INFO "GET /user_register HTTP/1.1" 200 956
INFO "GET /user_register HTTP/1.1" 200 942
INFO "GET /user_register HTTP/1.1" 200 1011
INFO "GET /static/css/bootstrap.min.css.map HTTP/1.1" 200 449111
INFO "GET /user_register HTTP/1.1" 200 1002
INFO "GET /static/css/bootstrap.min.css.map HTTP/1.1" 200 449111
INFO "GET /user_register HTTP/1.1" 200 988
INFO "GET /static/css/bootstrap.min.css.map HTTP/1.1" 200 449111
INFO "GET /static/css/bootstrap.min.css.map HTTP/1.1" 200 449111
INFO "GET /static/css/bootstrap.min.css.map HTTP/1.1" 200 449111
INFO "GET /user_register HTTP/1.1" 200 1001
INFO "GET /static/css/bootstrap.min.css.map HTTP/1.1" 200 449111
INFO "GET /user_register HTTP/1.1" 200 1001
INFO "GET /user_register HTTP/1.1" 200 1001
INFO "GET /user_register HTTP/1.1" 200 1001
INFO "GET /user_register HTTP/1.1" 200 1001
INFO "GET /user_register HTTP/1.1" 200 1028
INFO "GET /static/css/bootstrap.min.css.map HTTP/1.1" 200 449111
INFO "GET /user_register HTTP/1.1" 200 1065
INFO "GET /user_register HTTP/1.1" 200 1089
INFO "GET /user_register HTTP/1.1" 200 1124
INFO "GET /static/css/bootstrap.min.css.map HTTP/1.1" 200 449111
INFO "GET /user_register HTTP/1.1" 200 1137
INFO "GET /static/css/bootstrap.min.css.map HTTP/1.1" 200 449111
INFO "GET /user_register HTTP/1.1" 200 1137
INFO "GET /user_register HTTP/1.1" 200 1134
INFO "GET /static/css/bootstrap.min.css.map HTTP/1.1" 200 449111
INFO "GET /user_register HTTP/1.1" 200 1133
INFO "GET /static/css/bootstrap.min.css.map HTTP/1.1" 200 449111
INFO "GET /user_register HTTP/1.1" 200 1133
INFO "GET /user_register HTTP/1.1" 200 1139
INFO "GET /static/css/bootstrap.min.css.map HTTP/1.1" 200 449111
INFO "GET /user_register HTTP/1.1" 200 1138
INFO "GET /static/css/bootstrap.min.css.map HTTP/1.1" 200 449111
INFO "GET /user_register HTTP/1.1" 200 1138
INFO "GET /static/css/bootstrap.min.css.map HTTP/1.1" 200 449111
INFO "GET /user_register HTTP/1.1" 200 1138
INFO "GET /static/css/bootstrap.min.css.map HTTP/1.1" 200 449111
INFO "GET /user_register HTTP/1.1" 200 1138
INFO "GET /static/css/bootstrap.min.css.map HTTP/1.1" 200 449111
INFO "GET /user_register HTTP/1.1" 200 1126
INFO "GET /static/css/bootstrap.min.css.map HTTP/1.1" 200 449111
INFO "GET /user_register HTTP/1.1" 200 1149
INFO "GET /static/img/pngegg.png HTTP/1.1" 200 395595
INFO "GET /user_register HTTP/1.1" 200 1171
INFO "GET /static/img/pngegg.png HTTP/1.1" 304 0
INFO "GET /user_register HTTP/1.1" 200 1180
INFO "GET /static/css/bootstrap.min.css.map HTTP/1.1" 200 449111
INFO "GET /user_register HTTP/1.1" 200 1193
INFO "GET /static/css/bootstrap.min.css.map HTTP/1.1" 200 449111
INFO "GET /user_register HTTP/1.1" 200 1184
INFO "GET /static/img/pngegg.png HTTP/1.1" 304 0
INFO "GET /user_register HTTP/1.1" 200 1258
INFO "GET /static/img/pngegg.png HTTP/1.1" 304 0
INFO "GET /static/img/pngegg1.png HTTP/1.1" 200 381695
INFO "GET /user_register HTTP/1.1" 200 1332
INFO "GET /static/img/pngegg.png HTTP/1.1" 304 0
INFO "GET /static/img/pngegg1.png HTTP/1.1" 304 0
INFO "GET /static/img/pngegg2.png HTTP/1.1" 200 1506364
INFO "GET /static/css/bootstrap.min.css.map HTTP/1.1" 200 449111
INFO "GET /user_register HTTP/1.1" 200 1406
INFO "GET /static/img/pngegg.png HTTP/1.1" 304 0
INFO "GET /static/img/pngegg1.png HTTP/1.1" 304 0
INFO "GET /static/img/pngegg2.png HTTP/1.1" 304 0
INFO "GET /static/img/pngegg3.png HTTP/1.1" 200 862685
INFO "GET /static/css/bootstrap.min.css.map HTTP/1.1" 200 449111
INFO "GET /user_register HTTP/1.1" 200 1405
INFO "GET /static/img/pngegg3.png HTTP/1.1" 304 0
INFO "GET /static/css/bootstrap.min.css.map HTTP/1.1" 200 449111
INFO "GET /user_register HTTP/1.1" 200 1405
INFO "GET /static/img/pngegg3.png HTTP/1.1" 304 0
INFO "GET /static/css/bootstrap.min.css.map HTTP/1.1" 200 449111
INFO "GET /user_register HTTP/1.1" 200 1405
INFO "GET /static/img/pngegg3.png HTTP/1.1" 304 0
INFO "GET /static/css/bootstrap.min.css.map HTTP/1.1" 200 449111
INFO "GET /user_register HTTP/1.1" 200 1423
INFO "GET /static/img/pngegg2.png HTTP/1.1" 304 0
INFO "GET /static/img/pngegg3.png HTTP/1.1" 304 0
INFO "GET /user_register HTTP/1.1" 200 1423
INFO "GET /static/img/pngegg1.png HTTP/1.1" 304 0
INFO "GET /static/css/bootstrap.min.css.map HTTP/1.1" 200 449111
INFO "GET /user_register HTTP/1.1" 200 1441
INFO "GET /static/img/pngegg3.png HTTP/1.1" 304 0
INFO "GET /static/css/bootstrap.min.css.map HTTP/1.1" 200 449111
INFO "GET /user_register HTTP/1.1" 200 1441
INFO "GET /static/css/bootstrap.min.css.map HTTP/1.1" 200 449111
INFO "GET /user_register HTTP/1.1" 200 1459
INFO "GET /static/img/pngegg.png HTTP/1.1" 304 0
INFO "GET /static/img/pngegg3.png HTTP/1.1" 304 0
INFO "GET /static/css/bootstrap.min.css.map HTTP/1.1" 200 449111
INFO "GET /user_register HTTP/1.1" 200 1459
INFO "GET /static/css/bootstrap.min.css.map HTTP/1.1" 200 449111
INFO "GET /user_register HTTP/1.1" 200 1484
INFO "GET /static/img/pngegg.png HTTP/1.1" 304 0
INFO "GET /static/img/pngegg1.png HTTP/1.1" 304 0
INFO "GET /static/img/pngegg3.png HTTP/1.1" 304 0
INFO "GET /static/img/pngegg2.png HTTP/1.1" 304 0
INFO "GET /user_register HTTP/1.1" 200 1528
INFO "GET /static/img/pngegg.png HTTP/1.1" 304 0
INFO "GET /static/img/pngegg1.png HTTP/1.1" 304 0
INFO "GET /static/img/pngegg2.png HTTP/1.1" 304 0
INFO "GET /static/img/pngegg3.png HTTP/1.1" 304 0
INFO "GET /user_register HTTP/1.1" 200 1528
INFO "GET /user_register HTTP/1.1" 200 1555
INFO "GET /user_register HTTP/1.1" 200 1963
INFO "GET /static/img/pngegg3.png HTTP/1.1" 304 0
INFO "GET /user_register HTTP/1.1" 200 1956
INFO "GET /static/img/pngegg.png HTTP/1.1" 304 0
INFO "GET /static/img/pngegg1.png HTTP/1.1" 304 0
INFO "GET /static/img/pngegg2.png HTTP/1.1" 304 0
INFO "GET /user_register HTTP/1.1" 200 2030
INFO "GET /user_register HTTP/1.1" 200 2030
INFO "GET /static/img/pngegg4.png HTTP/1.1" 200 6946021
INFO "GET /user_register HTTP/1.1" 200 2029
INFO "GET /static/img/pngegg3.png HTTP/1.1" 304 0
INFO "GET /static/img/pngegg4.png HTTP/1.1" 304 0
INFO "GET /static/css/bootstrap.min.css.map HTTP/1.1" 200 449111
INFO "GET /user_register HTTP/1.1" 200 2102
INFO "GET /static/img/pngegg4.png HTTP/1.1" 304 0
INFO "GET /static/css/bootstrap.min.css.map HTTP/1.1" 200 449111
INFO "GET /user_register HTTP/1.1" 200 2111
INFO "GET /static/img/pngegg4.png HTTP/1.1" 304 0
INFO "GET /static/css/bootstrap.min.css.map HTTP/1.1" 200 449111
INFO "GET /user_register HTTP/1.1" 200 2226
INFO "GET /static/img/pngegg.png HTTP/1.1" 304 0
INFO "GET /static/img/pngegg1.png HTTP/1.1" 304 0
INFO "GET /static/img/pngegg4.png HTTP/1.1" 304 0
INFO "GET /static/img/pngegg2.png HTTP/1.1" 304 0
INFO "GET /static/img/pngegg3.png HTTP/1.1" 304 0
INFO "GET /user_register HTTP/1.1" 200 2322
INFO "GET /static/img/pngegg4.png HTTP/1.1" 304 0
INFO "GET /static/img/pngegg3.png HTTP/1.1" 304 0
INFO "GET /static/css/bootstrap.min.css.map HTTP/1.1" 200 449111
INFO "GET /user_register HTTP/1.1" 200 2388
INFO "GET /static/img/pngegg.png HTTP/1.1" 304 0
INFO "GET /static/img/pngegg1.png HTTP/1.1" 304 0
INFO "GET /static/img/pngegg4.png HTTP/1.1" 304 0
INFO "GET /static/img/pngegg2.png HTTP/1.1" 304 0
INFO "GET /static/css/bootstrap.min.css.map HTTP/1.1" 200 449111
INFO "GET /user_register HTTP/1.1" 200 2426
INFO "GET /static/img/pngegg4.png HTTP/1.1" 304 0
INFO "GET /user_register HTTP/1.1" 200 2494
INFO "GET /user_register HTTP/1.1" 200 2482
INFO "GET /user_register HTTP/1.1" 200 2490
INFO "GET /static/img/pngegg3.png HTTP/1.1" 304 0
INFO "GET /user_register HTTP/1.1" 200 2502
INFO "GET /static/img/pngegg4.png HTTP/1.1" 304 0
INFO "GET /user_register HTTP/1.1" 200 2462
INFO "GET /user_register HTTP/1.1" 200 2468
INFO "GET /user_register HTTP/1.1" 200 2500
INFO "GET /static/img/pngegg1.png HTTP/1.1" 304 0
INFO "GET /static/img/pngegg4.png HTTP/1.1" 304 0
INFO "GET /static/img/pngegg2.png HTTP/1.1" 304 0
INFO "GET /user_register HTTP/1.1" 200 2500
INFO "GET /static/img/pngegg.png HTTP/1.1" 304 0
INFO "GET /user_register HTTP/1.1" 200 2501
INFO "GET /user_register HTTP/1.1" 200 2502
INFO "GET /static/css/bootstrap.min.css.map HTTP/1.1" 200 449111
INFO "GET /user_register HTTP/1.1" 200 2509
INFO "GET /static/img/pngegg3.png HTTP/1.1" 304 0
INFO "GET /static/img/pngegg4.png HTTP/1.1" 304 0
INFO "GET /user_register HTTP/1.1" 200 2535
INFO "GET /static/css/bootstrap.min.css.map HTTP/1.1" 200 449111
INFO "GET /user_register HTTP/1.1" 200 2555
INFO "GET /static/css/bootstrap.min.css.map HTTP/1.1" 200 449111
INFO "GET /user_register HTTP/1.1" 200 2569
INFO "GET /static/img/pngegg4.png HTTP/1.1" 304 0
INFO "GET /user_register HTTP/1.1" 200 2593
INFO "GET /static/img/pngegg1.png HTTP/1.1" 304 0
INFO "GET /static/img/pngegg2.png HTTP/1.1" 304 0
INFO "GET /user_register HTTP/1.1" 200 2555
INFO "GET /user_register HTTP/1.1" 200 2543
INFO "GET /user_register HTTP/1.1" 200 2550
INFO "GET /user_register HTTP/1.1" 200 2582
INFO "GET /static/img/pngegg.png HTTP/1.1" 304 0
INFO "GET /static/img/pngegg4.png HTTP/1.1" 304 0
INFO "GET /user_register HTTP/1.1" 200 2551
INFO "GET /user_register HTTP/1.1" 200 2551
INFO "GET /static/img/pngegg3.png HTTP/1.1" 304 0
INFO "GET /user_register HTTP/1.1" 200 2572
INFO "GET /user_register HTTP/1.1" 200 2563
INFO "GET /user_register HTTP/1.1" 200 2569
INFO "GET /user_register HTTP/1.1" 200 2565
INFO "GET /static/img/pngegg4.png HTTP/1.1" 304 0
INFO "GET /user_register HTTP/1.1" 200 2562
INFO "GET /user_register HTTP/1.1" 200 2585
INFO "GET /user_register HTTP/1.1" 200 2585
INFO "GET /user_register HTTP/1.1" 200 2585
INFO "GET /static/img/pngegg2.png HTTP/1.1" 304 0
INFO "GET /static/css/bootstrap.min.css.map HTTP/1.1" 200 449111
INFO "GET /user_register HTTP/1.1" 200 2709
INFO "GET /static/img/pngegg1.png HTTP/1.1" 304 0
INFO "GET /static/img/pngegg4.png HTTP/1.1" 304 0
INFO "GET /static/css/bootstrap.min.css.map HTTP/1.1" 200 449111
INFO "GET /user_register HTTP/1.1" 200 2798
INFO "GET /static/img/pngegg3.png HTTP/1.1" 304 0
INFO "GET /static/css/bootstrap.min.css.map HTTP/1.1" 200 449111
INFO "GET /user_register HTTP/1.1" 200 2790
INFO "GET /static/css/bootstrap.min.css.map HTTP/1.1" 200 449111
INFO "GET /user_register HTTP/1.1" 200 2806
INFO "GET /static/img/pngegg.png HTTP/1.1" 304 0
INFO "GET /static/css/bootstrap.min.css.map HTTP/1.1" 200 449111
WARNING Forbidden (CSRF token missing.): /user_register
WARNING "POST /user_register HTTP/1.1" 403 2506
WARNING Forbidden (CSRF token missing.): /user_register
WARNING "POST /user_register HTTP/1.1" 403 2506
INFO "GET /static/css/bootstrap.min.css.map HTTP/1.1" 200 449111
INFO "GET /user_register HTTP/1.1" 200 2832
INFO "GET /static/css/bootstrap.min.css.map HTTP/1.1" 200 449111
INFO "GET /user_register HTTP/1.1" 200 2845
INFO "GET /static/img/pngegg4.png HTTP/1.1" 304 0
INFO "GET /static/css/bootstrap.min.css.map HTTP/1.1" 200 449111
INFO "GET /user_register HTTP/1.1" 200 2853
INFO "GET /static/css/bootstrap.min.css.map HTTP/1.1" 200 449111
INFO "GET /user_register HTTP/1.1" 200 2847
INFO "GET /static/css/bootstrap.min.css.map HTTP/1.1" 200 449111
INFO "GET /user_register HTTP/1.1" 200 2852
INFO "GET /static/css/bootstrap.min.css.map HTTP/1.1" 200 449111
INFO "GET /user_register HTTP/1.1" 200 2833
INFO "GET /static/css/bootstrap.min.css.map HTTP/1.1" 200 449111
INFO "GET /user_register HTTP/1.1" 200 2817
INFO "GET /static/css/bootstrap.min.css.map HTTP/1.1" 200 449111
INFO "GET /user_register HTTP/1.1" 200 2836
INFO "GET /static/css/bootstrap.min.css.map HTTP/1.1" 200 449111
INFO "GET /user_register HTTP/1.1" 200 2836
INFO "GET /static/css/bootstrap.min.css.map HTTP/1.1" 200 449111
INFO "GET /user_register HTTP/1.1" 200 2836
INFO "GET /static/css/bootstrap.min.css.map HTTP/1.1" 200 449111
INFO "GET /user_register HTTP/1.1" 200 2836
INFO "GET /static/img/pngegg.png HTTP/1.1" 200 395595
INFO "GET /static/css/bootstrap.min.css HTTP/1.1" 200 162720
INFO "GET /static/img/pngegg1.png HTTP/1.1" 200 381695
INFO "GET /static/img/pngegg2.png HTTP/1.1" 200 1506364
INFO "GET /static/img/pngegg3.png HTTP/1.1" 200 862685
INFO "GET /static/img/pngegg4.png HTTP/1.1" 200 6946021
WARNING Not Found: /favicon.ico
WARNING "GET /favicon.ico HTTP/1.1" 404 2429
INFO "GET /static/css/bootstrap.min.css.map HTTP/1.1" 200 449111
INFO "GET /static/css/bootstrap.min.css.map HTTP/1.1" 200 449111
WARNING Not Found: /
WARNING "GET / HTTP/1.1" 404 2378
WARNING Not Found: /favicon.ico
WARNING "GET /favicon.ico HTTP/1.1" 404 2429
INFO "GET /user_register HTTP/1.1" 200 2836
INFO "GET /static/css/bootstrap.min.css HTTP/1.1" 200 162720
INFO "GET /static/img/pngegg.png HTTP/1.1" 200 395595
INFO "GET /static/img/pngegg1.png HTTP/1.1" 200 381695
INFO "GET /static/img/pngegg2.png HTTP/1.1" 200 1506364
INFO "GET /static/img/pngegg3.png HTTP/1.1" 200 862685
INFO "GET /static/img/pngegg4.png HTTP/1.1" 200 6946021
INFO "GET /static/css/bootstrap.min.css.map HTTP/1.1" 200 449111
INFO "GET /user_register HTTP/1.1" 200 2834
INFO "GET /static/css/bootstrap.min.css.map HTTP/1.1" 200 449111
INFO "GET /static/img/pngegg4.png HTTP/1.1" 200 6946021
INFO "GET /user_register HTTP/1.1" 200 2817
INFO "GET /static/css/bootstrap.min.css.map HTTP/1.1" 200 449111
WARNING Not Found: /
WARNING "GET / HTTP/1.1" 404 2378
WARNING Not Found: /favicon.ico
WARNING "GET /favicon.ico HTTP/1.1" 404 2429
INFO "GET /user_register HTTP/1.1" 200 2817
INFO "GET /static/css/bootstrap.min.css HTTP/1.1" 200 162720
INFO "GET /static/img/pngegg1.png HTTP/1.1" 200 381695
INFO "GET /static/img/pngegg.png HTTP/1.1" 200 395595
INFO "GET /static/img/pngegg3.png HTTP/1.1" 200 862685
INFO "GET /static/img/pngegg2.png HTTP/1.1" 200 1506364
INFO "GET /static/img/pngegg4.png HTTP/1.1" 200 6946021
INFO "GET /static/css/bootstrap.min.css.map HTTP/1.1" 200 449111
WARNING Not Found: /
WARNING "GET / HTTP/1.1" 404 2378
INFO "GET /user_register HTTP/1.1" 200 2817
INFO "GET /static/css/bootstrap.min.css HTTP/1.1" 200 162720
INFO "GET /static/img/pngegg.png HTTP/1.1" 200 395595
INFO "GET /static/img/pngegg1.png HTTP/1.1" 200 381695
INFO "GET /static/img/pngegg3.png HTTP/1.1" 200 862685
INFO "GET /static/img/pngegg2.png HTTP/1.1" 200 1506364
INFO "GET /static/img/pngegg4.png HTTP/1.1" 200 6946021
INFO "GET /static/css/bootstrap.min.css.map HTTP/1.1" 200 449111
INFO "GET /user_register HTTP/1.1" 200 2959
INFO "GET /static/css/bootstrap.min.css.map HTTP/1.1" 200 449111
INFO "GET /user_register HTTP/1.1" 200 2978
INFO "GET /static/css/bootstrap.min.css.map HTTP/1.1" 200 449111
INFO "GET /user_register HTTP/1.1" 200 2992
INFO "GET /static/css/bootstrap.min.css.map HTTP/1.1" 200 449111
INFO "GET /user_register HTTP/1.1" 200 2992
INFO "GET /static/css/bootstrap.min.css.map HTTP/1.1" 200 449111
INFO "GET /user_register HTTP/1.1" 200 2992
INFO "GET /static/css/bootstrap.min.css.map HTTP/1.1" 200 449111
INFO "GET /user_register HTTP/1.1" 200 2992
INFO "GET /static/img/pngegg4.png HTTP/1.1" 304 0
INFO "GET /user_register HTTP/1.1" 200 2992
INFO "GET /user_register HTTP/1.1" 200 3006
INFO "GET /user_register HTTP/1.1" 200 3149
INFO "GET /user_register HTTP/1.1" 200 3173
INFO "GET /user_register HTTP/1.1" 200 3173
INFO "GET /user_register HTTP/1.1" 200 3179
INFO "GET /user_register HTTP/1.1" 200 3158
INFO "GET /static/img/pngegg.png HTTP/1.1" 304 0
INFO "GET /static/img/pngegg1.png HTTP/1.1" 304 0
INFO "GET /static/img/pngegg4.png HTTP/1.1" 304 0
INFO "GET /static/img/pngegg2.png HTTP/1.1" 304 0
INFO "GET /static/img/pngegg3.png HTTP/1.1" 304 0
INFO "GET /static/css/bootstrap.min.css.map HTTP/1.1" 200 449111
INFO "GET /user_register HTTP/1.1" 200 3147
INFO "GET /user_register HTTP/1.1" 200 3139
INFO "GET /user_register HTTP/1.1" 200 3127
INFO "GET /user_register HTTP/1.1" 200 3164
INFO "GET /user_register HTTP/1.1" 200 3174
INFO "GET /user_register HTTP/1.1" 200 3161
INFO "GET /user_register HTTP/1.1" 200 3161
INFO "GET /user_register HTTP/1.1" 200 3170
INFO "GET /user_register HTTP/1.1" 200 3164
INFO "GET /user_register HTTP/1.1" 200 3154
INFO "GET /static/img/pngegg4.png HTTP/1.1" 304 0
INFO "GET /user_register HTTP/1.1" 200 3164
INFO "GET /user_register HTTP/1.1" 200 3275
INFO "GET /user_register HTTP/1.1" 200 3262
INFO "GET /user_register HTTP/1.1" 200 3307
INFO "GET /user_register HTTP/1.1" 200 3307
INFO "GET /user_register HTTP/1.1" 200 3307
INFO "GET /static/img/pngegg3.png HTTP/1.1" 304 0
INFO "GET /user_register HTTP/1.1" 200 3295
INFO "GET /user_register HTTP/1.1" 200 3301
INFO "GET /user_register HTTP/1.1" 200 3324
INFO "GET /static/img/pngegg1.png HTTP/1.1" 304 0
INFO "GET /static/img/pngegg2.png HTTP/1.1" 304 0
INFO "GET /user_register HTTP/1.1" 200 3333
INFO "GET /static/img/pngegg.png HTTP/1.1" 304 0
INFO "GET /user_register HTTP/1.1" 200 3333
INFO "GET /static/css/bootstrap.min.css.map HTTP/1.1" 200 449111
INFO "GET /user_register HTTP/1.1" 200 3332
INFO "GET /static/img/pngegg4.png HTTP/1.1" 304 0
INFO "GET /static/css/bootstrap.min.css.map HTTP/1.1" 200 449111
INFO E:\My New Projects\plant_Transport\master\views.py changed, reloading.
INFO Watching for file changes with StatReloader
INFO E:\My New Projects\plant_Transport\master\views.py changed, reloading.
INFO Watching for file changes with StatReloader
INFO E:\My New Projects\plant_Transport\master\views.py changed, reloading.
INFO Watching for file changes with StatReloader
INFO E:\My New Projects\plant_Transport\master\views.py changed, reloading.
INFO Watching for file changes with StatReloader
INFO E:\My New Projects\plant_Transport\master\views.py changed, reloading.
INFO Watching for file changes with StatReloader
INFO E:\My New Projects\plant_Transport\master\views.py changed, reloading.
INFO Watching for file changes with StatReloader
INFO E:\My New Projects\plant_Transport\master\views.py changed, reloading.
INFO Watching for file changes with StatReloader
INFO E:\My New Projects\plant_Transport\master\views.py changed, reloading.
INFO Watching for file changes with StatReloader
INFO E:\My New Projects\plant_Transport\master\views.py changed, reloading.
INFO Watching for file changes with StatReloader
INFO E:\My New Projects\plant_Transport\master\views.py changed, reloading.
INFO Watching for file changes with StatReloader
INFO E:\My New Projects\plant_Transport\master\views.py changed, reloading.
INFO Watching for file changes with StatReloader
INFO E:\My New Projects\plant_Transport\master\views.py changed, reloading.
INFO Watching for file changes with StatReloader
INFO E:\My New Projects\plant_Transport\master\views.py changed, reloading.
INFO Watching for file changes with StatReloader
INFO E:\My New Projects\plant_Transport\master\views.py changed, reloading.
INFO Watching for file changes with StatReloader
INFO E:\My New Projects\plant_Transport\master\views.py changed, reloading.
INFO Watching for file changes with StatReloader
INFO E:\My New Projects\plant_Transport\master\views.py changed, reloading.
INFO Watching for file changes with StatReloader
INFO E:\My New Projects\plant_Transport\master\views.py changed, reloading.
INFO Watching for file changes with StatReloader
INFO E:\My New Projects\plant_Transport\master\views.py changed, reloading.
INFO Watching for file changes with StatReloader
INFO E:\My New Projects\plant_Transport\master\views.py changed, reloading.
INFO Watching for file changes with StatReloader
INFO E:\My New Projects\plant_Transport\master\views.py changed, reloading.
INFO Watching for file changes with StatReloader
INFO E:\My New Projects\plant_Transport\master\views.py changed, reloading.
INFO Watching for file changes with StatReloader
INFO E:\My New Projects\plant_Transport\master\views.py changed, reloading.
INFO Watching for file changes with StatReloader
INFO E:\My New Projects\plant_Transport\master\urls.py changed, reloading.
INFO Watching for file changes with StatReloader
INFO E:\My New Projects\plant_Transport\master\urls.py changed, reloading.
INFO Watching for file changes with StatReloader
INFO E:\My New Projects\plant_Transport\master\urls.py changed, reloading.
INFO Watching for file changes with StatReloader
INFO E:\My New Projects\plant_Transport\master\views.py changed, reloading.
INFO Watching for file changes with StatReloader
INFO E:\My New Projects\plant_Transport\master\views.py changed, reloading.
INFO Watching for file changes with StatReloader
INFO "GET /user_register HTTP/1.1" 200 3332
INFO "GET /static/img/pngegg.png HTTP/1.1" 304 0
INFO "GET /static/img/pngegg1.png HTTP/1.1" 304 0
INFO "GET /static/img/pngegg4.png HTTP/1.1" 304 0
INFO "GET /static/img/pngegg2.png HTTP/1.1" 304 0
INFO "GET /static/img/pngegg3.png HTTP/1.1" 304 0
WARNING Forbidden (CSRF token missing.): /user_register
WARNING "POST /user_register HTTP/1.1" 403 2506
WARNING Forbidden (CSRF token missing.): /user_register
WARNING "POST /user_register HTTP/1.1" 403 2506
WARNING Forbidden (CSRF token missing.): /user_register
WARNING "POST /user_register HTTP/1.1" 403 2506
INFO "GET /user_register HTTP/1.1" 200 3453
ERROR Internal Server Error: /user_register
Traceback (most recent call last):
  File "E:\My New Projects\env\lib\site-packages\django\core\handlers\exception.py", line 55, in inner
    response = get_response(request)
  File "E:\My New Projects\env\lib\site-packages\django\core\handlers\base.py", line 197, in _get_response
    response = wrapped_callback(request, *callback_args, **callback_kwargs)
  File "E:\My New Projects\plant_Transport\master\views.py", line 15, in user_register
    Register.objects.create(
  File "E:\My New Projects\env\lib\site-packages\django\db\models\manager.py", line 85, in manager_method
    return getattr(self.get_queryset(), name)(*args, **kwargs)
  File "E:\My New Projects\env\lib\site-packages\django\db\models\query.py", line 669, in create
    obj = self.model(**kwargs)
  File "E:\My New Projects\env\lib\site-packages\django\db\models\base.py", line 561, in __init__
    _setattr(self, field.name, rel_obj)
  File "E:\My New Projects\env\lib\site-packages\django\db\models\fields\related_descriptors.py", line 235, in __set__
    raise ValueError(
ValueError: Cannot assign "7": "Register.create_by" must be a "Person" instance.
ERROR "POST /user_register HTTP/1.1" 500 85223
INFO E:\My New Projects\plant_Transport\master\views.py changed, reloading.
INFO Watching for file changes with StatReloader
INFO E:\My New Projects\plant_Transport\master\views.py changed, reloading.
INFO Watching for file changes with StatReloader
ERROR Internal Server Error: /user_register
Traceback (most recent call last):
  File "E:\My New Projects\env\lib\site-packages\django\db\backends\mysql\base.py", line 75, in execute
    return self.cursor.execute(query, args)
  File "E:\My New Projects\env\lib\site-packages\MySQLdb\cursors.py", line 206, in execute
    res = self._query(query)
  File "E:\My New Projects\env\lib\site-packages\MySQLdb\cursors.py", line 319, in _query
    db.query(q)
  File "E:\My New Projects\env\lib\site-packages\MySQLdb\connections.py", line 254, in query
    _mysql.connection.query(self, query)
MySQLdb.OperationalError: (1048, "Column 'status' cannot be null")

During handling of the above exception, another exception occurred:

Traceback (most recent call last):
  File "E:\My New Projects\env\lib\site-packages\django\core\handlers\exception.py", line 55, in inner
    response = get_response(request)
  File "E:\My New Projects\env\lib\site-packages\django\core\handlers\base.py", line 197, in _get_response
    response = wrapped_callback(request, *callback_args, **callback_kwargs)
  File "E:\My New Projects\plant_Transport\master\views.py", line 15, in user_register
    Register.objects.create(
  File "E:\My New Projects\env\lib\site-packages\django\db\models\manager.py", line 85, in manager_method
    return getattr(self.get_queryset(), name)(*args, **kwargs)
  File "E:\My New Projects\env\lib\site-packages\django\db\models\query.py", line 671, in create
    obj.save(force_insert=True, using=self.db)
  File "E:\My New Projects\env\lib\site-packages\django\db\models\base.py", line 831, in save
    self.save_base(
  File "E:\My New Projects\env\lib\site-packages\django\db\models\base.py", line 882, in save_base
    updated = self._save_table(
  File "E:\My New Projects\env\lib\site-packages\django\db\models\base.py", line 1025, in _save_table
    results = self._do_insert(
  File "E:\My New Projects\env\lib\site-packages\django\db\models\base.py", line 1066, in _do_insert
    return manager._insert(
  File "E:\My New Projects\env\lib\site-packages\django\db\models\manager.py", line 85, in manager_method
    return getattr(self.get_queryset(), name)(*args, **kwargs)
  File "E:\My New Projects\env\lib\site-packages\django\db\models\query.py", line 1790, in _insert
    return query.get_compiler(using=using).execute_sql(returning_fields)
  File "E:\My New Projects\env\lib\site-packages\django\db\models\sql\compiler.py", line 1657, in execute_sql
    cursor.execute(sql, params)
  File "E:\My New Projects\env\lib\site-packages\django\db\backends\utils.py", line 103, in execute
    return super().execute(sql, params)
  File "E:\My New Projects\env\lib\site-packages\django\db\backends\utils.py", line 67, in execute
    return self._execute_with_wrappers(
  File "E:\My New Projects\env\lib\site-packages\django\db\backends\utils.py", line 80, in _execute_with_wrappers
    return executor(sql, params, many, context)
  File "E:\My New Projects\env\lib\site-packages\django\db\backends\utils.py", line 89, in _execute
    return self.cursor.execute(sql, params)
  File "E:\My New Projects\env\lib\site-packages\django\db\backends\mysql\base.py", line 80, in execute
    raise IntegrityError(*tuple(e.args))
django.db.utils.IntegrityError: (1048, "Column 'status' cannot be null")
ERROR "POST /user_register HTTP/1.1" 500 155198
INFO E:\My New Projects\plant_Transport\master\views.py changed, reloading.
INFO Watching for file changes with StatReloader
INFO E:\My New Projects\plant_Transport\master\views.py changed, reloading.
INFO Watching for file changes with StatReloader
INFO E:\My New Projects\plant_Transport\master\views.py changed, reloading.
INFO Watching for file changes with StatReloader
INFO E:\My New Projects\plant_Transport\master\views.py changed, reloading.
INFO Watching for file changes with StatReloader
INFO E:\My New Projects\plant_Transport\master\views.py changed, reloading.
INFO Watching for file changes with StatReloader
INFO E:\My New Projects\plant_Transport\master\views.py changed, reloading.
INFO Watching for file changes with StatReloader
INFO E:\My New Projects\plant_Transport\master\views.py changed, reloading.
INFO Watching for file changes with StatReloader
ERROR Internal Server Error: /user_register
Traceback (most recent call last):
  File "E:\My New Projects\env\lib\site-packages\django\db\backends\mysql\base.py", line 75, in execute
    return self.cursor.execute(query, args)
  File "E:\My New Projects\env\lib\site-packages\MySQLdb\cursors.py", line 206, in execute
    res = self._query(query)
  File "E:\My New Projects\env\lib\site-packages\MySQLdb\cursors.py", line 319, in _query
    db.query(q)
  File "E:\My New Projects\env\lib\site-packages\MySQLdb\connections.py", line 254, in query
    _mysql.connection.query(self, query)
MySQLdb.OperationalError: (1048, "Column 'date_of_birthday' cannot be null")

During handling of the above exception, another exception occurred:

Traceback (most recent call last):
  File "E:\My New Projects\env\lib\site-packages\django\core\handlers\exception.py", line 55, in inner
    response = get_response(request)
  File "E:\My New Projects\env\lib\site-packages\django\core\handlers\base.py", line 197, in _get_response
    response = wrapped_callback(request, *callback_args, **callback_kwargs)
  File "E:\My New Projects\plant_Transport\master\views.py", line 13, in user_register
    Register.objects.create(
  File "E:\My New Projects\env\lib\site-packages\django\db\models\manager.py", line 85, in manager_method
    return getattr(self.get_queryset(), name)(*args, **kwargs)
  File "E:\My New Projects\env\lib\site-packages\django\db\models\query.py", line 671, in create
    obj.save(force_insert=True, using=self.db)
  File "E:\My New Projects\env\lib\site-packages\django\db\models\base.py", line 831, in save
    self.save_base(
  File "E:\My New Projects\env\lib\site-packages\django\db\models\base.py", line 882, in save_base
    updated = self._save_table(
  File "E:\My New Projects\env\lib\site-packages\django\db\models\base.py", line 1025, in _save_table
    results = self._do_insert(
  File "E:\My New Projects\env\lib\site-packages\django\db\models\base.py", line 1066, in _do_insert
    return manager._insert(
  File "E:\My New Projects\env\lib\site-packages\django\db\models\manager.py", line 85, in manager_method
    return getattr(self.get_queryset(), name)(*args, **kwargs)
  File "E:\My New Projects\env\lib\site-packages\django\db\models\query.py", line 1790, in _insert
    return query.get_compiler(using=using).execute_sql(returning_fields)
  File "E:\My New Projects\env\lib\site-packages\django\db\models\sql\compiler.py", line 1657, in execute_sql
    cursor.execute(sql, params)
  File "E:\My New Projects\env\lib\site-packages\django\db\backends\utils.py", line 103, in execute
    return super().execute(sql, params)
  File "E:\My New Projects\env\lib\site-packages\django\db\backends\utils.py", line 67, in execute
    return self._execute_with_wrappers(
  File "E:\My New Projects\env\lib\site-packages\django\db\backends\utils.py", line 80, in _execute_with_wrappers
    return executor(sql, params, many, context)
  File "E:\My New Projects\env\lib\site-packages\django\db\backends\utils.py", line 89, in _execute
    return self.cursor.execute(sql, params)
  File "E:\My New Projects\env\lib\site-packages\django\db\backends\mysql\base.py", line 80, in execute
    raise IntegrityError(*tuple(e.args))
django.db.utils.IntegrityError: (1048, "Column 'date_of_birthday' cannot be null")
ERROR "POST /user_register HTTP/1.1" 500 155086
ERROR Internal Server Error: /user_register
Traceback (most recent call last):
  File "E:\My New Projects\env\lib\site-packages\django\db\backends\mysql\base.py", line 75, in execute
    return self.cursor.execute(query, args)
  File "E:\My New Projects\env\lib\site-packages\MySQLdb\cursors.py", line 206, in execute
    res = self._query(query)
  File "E:\My New Projects\env\lib\site-packages\MySQLdb\cursors.py", line 319, in _query
    db.query(q)
  File "E:\My New Projects\env\lib\site-packages\MySQLdb\connections.py", line 254, in query
    _mysql.connection.query(self, query)
MySQLdb.OperationalError: (1048, "Column 'date_of_birthday' cannot be null")

During handling of the above exception, another exception occurred:

Traceback (most recent call last):
  File "E:\My New Projects\env\lib\site-packages\django\core\handlers\exception.py", line 55, in inner
    response = get_response(request)
  File "E:\My New Projects\env\lib\site-packages\django\core\handlers\base.py", line 197, in _get_response
    response = wrapped_callback(request, *callback_args, **callback_kwargs)
  File "E:\My New Projects\plant_Transport\master\views.py", line 13, in user_register
    Register.objects.create(
  File "E:\My New Projects\env\lib\site-packages\django\db\models\manager.py", line 85, in manager_method
    return getattr(self.get_queryset(), name)(*args, **kwargs)
  File "E:\My New Projects\env\lib\site-packages\django\db\models\query.py", line 671, in create
    obj.save(force_insert=True, using=self.db)
  File "E:\My New Projects\env\lib\site-packages\django\db\models\base.py", line 831, in save
    self.save_base(
  File "E:\My New Projects\env\lib\site-packages\django\db\models\base.py", line 882, in save_base
    updated = self._save_table(
  File "E:\My New Projects\env\lib\site-packages\django\db\models\base.py", line 1025, in _save_table
    results = self._do_insert(
  File "E:\My New Projects\env\lib\site-packages\django\db\models\base.py", line 1066, in _do_insert
    return manager._insert(
  File "E:\My New Projects\env\lib\site-packages\django\db\models\manager.py", line 85, in manager_method
    return getattr(self.get_queryset(), name)(*args, **kwargs)
  File "E:\My New Projects\env\lib\site-packages\django\db\models\query.py", line 1790, in _insert
    return query.get_compiler(using=using).execute_sql(returning_fields)
  File "E:\My New Projects\env\lib\site-packages\django\db\models\sql\compiler.py", line 1657, in execute_sql
    cursor.execute(sql, params)
  File "E:\My New Projects\env\lib\site-packages\django\db\backends\utils.py", line 103, in execute
    return super().execute(sql, params)
  File "E:\My New Projects\env\lib\site-packages\django\db\backends\utils.py", line 67, in execute
    return self._execute_with_wrappers(
  File "E:\My New Projects\env\lib\site-packages\django\db\backends\utils.py", line 80, in _execute_with_wrappers
    return executor(sql, params, many, context)
  File "E:\My New Projects\env\lib\site-packages\django\db\backends\utils.py", line 89, in _execute
    return self.cursor.execute(sql, params)
  File "E:\My New Projects\env\lib\site-packages\django\db\backends\mysql\base.py", line 80, in execute
    raise IntegrityError(*tuple(e.args))
django.db.utils.IntegrityError: (1048, "Column 'date_of_birthday' cannot be null")
ERROR "POST /user_register HTTP/1.1" 500 155086
INFO E:\My New Projects\plant_Transport\master\models.py changed, reloading.
INFO Watching for file changes with StatReloader
INFO Watching for file changes with StatReloader
WARNING Forbidden (CSRF cookie not set.): /user_register
WARNING "POST /user_register HTTP/1.1" 403 2870
INFO "GET /user_register HTTP/1.1" 200 3453
INFO "GET /static/img/pngegg1.png HTTP/1.1" 304 0
INFO "GET /static/img/pngegg.png HTTP/1.1" 304 0
INFO "GET /static/img/pngegg4.png HTTP/1.1" 304 0
INFO "GET /static/img/pngegg2.png HTTP/1.1" 304 0
INFO "GET /static/img/pngegg3.png HTTP/1.1" 304 0
INFO "POST /user_register HTTP/1.1" 302 0
INFO "GET /login HTTP/1.1" 200 263
INFO E:\My New Projects\plant_Transport\master\models.py changed, reloading.
INFO Watching for file changes with StatReloader
INFO E:\My New Projects\plant_Transport\master\models.py changed, reloading.
INFO Watching for file changes with StatReloader
INFO E:\My New Projects\plant_Transport\master\models.py changed, reloading.
INFO Watching for file changes with StatReloader
INFO E:\My New Projects\plant_Transport\master\models.py changed, reloading.
INFO Watching for file changes with StatReloader
INFO Watching for file changes with StatReloader
INFO "GET /login HTTP/1.1" 200 263
ERROR Internal Server Error: /user_register
Traceback (most recent call last):
  File "E:\My New Projects\env\lib\site-packages\django\db\backends\mysql\base.py", line 75, in execute
    return self.cursor.execute(query, args)
  File "E:\My New Projects\env\lib\site-packages\MySQLdb\cursors.py", line 206, in execute
    res = self._query(query)
  File "E:\My New Projects\env\lib\site-packages\MySQLdb\cursors.py", line 319, in _query
    db.query(q)
  File "E:\My New Projects\env\lib\site-packages\MySQLdb\connections.py", line 254, in query
    _mysql.connection.query(self, query)
MySQLdb.OperationalError: (1048, "Column 'date_of_birthday' cannot be null")

During handling of the above exception, another exception occurred:

Traceback (most recent call last):
  File "E:\My New Projects\env\lib\site-packages\django\core\handlers\exception.py", line 55, in inner
    response = get_response(request)
  File "E:\My New Projects\env\lib\site-packages\django\core\handlers\base.py", line 197, in _get_response
    response = wrapped_callback(request, *callback_args, **callback_kwargs)
  File "E:\My New Projects\plant_Transport\master\views.py", line 13, in user_register
    Register.objects.create(
  File "E:\My New Projects\env\lib\site-packages\django\db\models\manager.py", line 85, in manager_method
    return getattr(self.get_queryset(), name)(*args, **kwargs)
  File "E:\My New Projects\env\lib\site-packages\django\db\models\query.py", line 671, in create
    obj.save(force_insert=True, using=self.db)
  File "E:\My New Projects\env\lib\site-packages\django\db\models\base.py", line 831, in save
    self.save_base(
  File "E:\My New Projects\env\lib\site-packages\django\db\models\base.py", line 882, in save_base
    updated = self._save_table(
  File "E:\My New Projects\env\lib\site-packages\django\db\models\base.py", line 1025, in _save_table
    results = self._do_insert(
  File "E:\My New Projects\env\lib\site-packages\django\db\models\base.py", line 1066, in _do_insert
    return manager._insert(
  File "E:\My New Projects\env\lib\site-packages\django\db\models\manager.py", line 85, in manager_method
    return getattr(self.get_queryset(), name)(*args, **kwargs)
  File "E:\My New Projects\env\lib\site-packages\django\db\models\query.py", line 1790, in _insert
    return query.get_compiler(using=using).execute_sql(returning_fields)
  File "E:\My New Projects\env\lib\site-packages\django\db\models\sql\compiler.py", line 1657, in execute_sql
    cursor.execute(sql, params)
  File "E:\My New Projects\env\lib\site-packages\django\db\backends\utils.py", line 103, in execute
    return super().execute(sql, params)
  File "E:\My New Projects\env\lib\site-packages\django\db\backends\utils.py", line 67, in execute
    return self._execute_with_wrappers(
  File "E:\My New Projects\env\lib\site-packages\django\db\backends\utils.py", line 80, in _execute_with_wrappers
    return executor(sql, params, many, context)
  File "E:\My New Projects\env\lib\site-packages\django\db\backends\utils.py", line 89, in _execute
    return self.cursor.execute(sql, params)
  File "E:\My New Projects\env\lib\site-packages\django\db\backends\mysql\base.py", line 80, in execute
    raise IntegrityError(*tuple(e.args))
django.db.utils.IntegrityError: (1048, "Column 'date_of_birthday' cannot be null")
ERROR "POST /user_register HTTP/1.1" 500 155195
INFO E:\My New Projects\plant_Transport\master\views.py changed, reloading.
INFO Watching for file changes with StatReloader
INFO E:\My New Projects\plant_Transport\master\models.py changed, reloading.
INFO Watching for file changes with StatReloader
INFO Watching for file changes with StatReloader
ERROR Internal Server Error: /user_register
Traceback (most recent call last):
  File "E:\My New Projects\env\lib\site-packages\django\core\handlers\exception.py", line 55, in inner
    response = get_response(request)
  File "E:\My New Projects\env\lib\site-packages\django\core\handlers\base.py", line 197, in _get_response
    response = wrapped_callback(request, *callback_args, **callback_kwargs)
  File "E:\My New Projects\plant_Transport\master\views.py", line 13, in user_register
    Register.objects.create(
  File "E:\My New Projects\env\lib\site-packages\django\db\models\manager.py", line 85, in manager_method
    return getattr(self.get_queryset(), name)(*args, **kwargs)
  File "E:\My New Projects\env\lib\site-packages\django\db\models\query.py", line 671, in create
    obj.save(force_insert=True, using=self.db)
  File "E:\My New Projects\env\lib\site-packages\django\db\models\base.py", line 831, in save
    self.save_base(
  File "E:\My New Projects\env\lib\site-packages\django\db\models\base.py", line 882, in save_base
    updated = self._save_table(
  File "E:\My New Projects\env\lib\site-packages\django\db\models\base.py", line 1025, in _save_table
    results = self._do_insert(
  File "E:\My New Projects\env\lib\site-packages\django\db\models\base.py", line 1066, in _do_insert
    return manager._insert(
  File "E:\My New Projects\env\lib\site-packages\django\db\models\manager.py", line 85, in manager_method
    return getattr(self.get_queryset(), name)(*args, **kwargs)
  File "E:\My New Projects\env\lib\site-packages\django\db\models\query.py", line 1790, in _insert
    return query.get_compiler(using=using).execute_sql(returning_fields)
  File "E:\My New Projects\env\lib\site-packages\django\db\models\sql\compiler.py", line 1656, in execute_sql
    for sql, params in self.as_sql():
  File "E:\My New Projects\env\lib\site-packages\django\db\models\sql\compiler.py", line 1580, in as_sql
    value_rows = [
  File "E:\My New Projects\env\lib\site-packages\django\db\models\sql\compiler.py", line 1581, in <listcomp>
    [
  File "E:\My New Projects\env\lib\site-packages\django\db\models\sql\compiler.py", line 1582, in <listcomp>
    self.prepare_value(field, self.pre_save_val(field, obj))
  File "E:\My New Projects\env\lib\site-packages\django\db\models\sql\compiler.py", line 1520, in prepare_value
    value = field.get_db_prep_save(value, connection=self.connection)
  File "E:\My New Projects\env\lib\site-packages\django\db\models\fields\__init__.py", line 925, in get_db_prep_save
    return self.get_db_prep_value(value, connection=connection, prepared=False)
  File "E:\My New Projects\env\lib\site-packages\django\db\models\fields\__init__.py", line 1438, in get_db_prep_value
    value = self.get_prep_value(value)
  File "E:\My New Projects\env\lib\site-packages\django\db\models\fields\__init__.py", line 1433, in get_prep_value
    return self.to_python(value)
  File "E:\My New Projects\env\lib\site-packages\django\db\models\fields\__init__.py", line 1399, in to_python
    raise exceptions.ValidationError(
django.core.exceptions.ValidationError: [' value has an invalid date format. It must be in YYYY-MM-DD format.']
ERROR "POST /user_register HTTP/1.1" 500 147902
INFO E:\My New Projects\plant_Transport\master\views.py changed, reloading.
INFO Watching for file changes with StatReloader
ERROR Internal Server Error: /user_register
Traceback (most recent call last):
  File "E:\My New Projects\env\lib\site-packages\django\core\handlers\exception.py", line 55, in inner
    response = get_response(request)
  File "E:\My New Projects\env\lib\site-packages\django\core\handlers\base.py", line 197, in _get_response
    response = wrapped_callback(request, *callback_args, **callback_kwargs)
  File "E:\My New Projects\plant_Transport\master\views.py", line 13, in user_register
    Register.objects.create(
  File "E:\My New Projects\env\lib\site-packages\django\db\models\manager.py", line 85, in manager_method
    return getattr(self.get_queryset(), name)(*args, **kwargs)
  File "E:\My New Projects\env\lib\site-packages\django\db\models\query.py", line 671, in create
    obj.save(force_insert=True, using=self.db)
  File "E:\My New Projects\env\lib\site-packages\django\db\models\base.py", line 831, in save
    self.save_base(
  File "E:\My New Projects\env\lib\site-packages\django\db\models\base.py", line 882, in save_base
    updated = self._save_table(
  File "E:\My New Projects\env\lib\site-packages\django\db\models\base.py", line 1025, in _save_table
    results = self._do_insert(
  File "E:\My New Projects\env\lib\site-packages\django\db\models\base.py", line 1066, in _do_insert
    return manager._insert(
  File "E:\My New Projects\env\lib\site-packages\django\db\models\manager.py", line 85, in manager_method
    return getattr(self.get_queryset(), name)(*args, **kwargs)
  File "E:\My New Projects\env\lib\site-packages\django\db\models\query.py", line 1790, in _insert
    return query.get_compiler(using=using).execute_sql(returning_fields)
  File "E:\My New Projects\env\lib\site-packages\django\db\models\sql\compiler.py", line 1656, in execute_sql
    for sql, params in self.as_sql():
  File "E:\My New Projects\env\lib\site-packages\django\db\models\sql\compiler.py", line 1580, in as_sql
    value_rows = [
  File "E:\My New Projects\env\lib\site-packages\django\db\models\sql\compiler.py", line 1581, in <listcomp>
    [
  File "E:\My New Projects\env\lib\site-packages\django\db\models\sql\compiler.py", line 1582, in <listcomp>
    self.prepare_value(field, self.pre_save_val(field, obj))
  File "E:\My New Projects\env\lib\site-packages\django\db\models\sql\compiler.py", line 1520, in prepare_value
    value = field.get_db_prep_save(value, connection=self.connection)
  File "E:\My New Projects\env\lib\site-packages\django\db\models\fields\__init__.py", line 925, in get_db_prep_save
    return self.get_db_prep_value(value, connection=connection, prepared=False)
  File "E:\My New Projects\env\lib\site-packages\django\db\models\fields\__init__.py", line 1438, in get_db_prep_value
    value = self.get_prep_value(value)
  File "E:\My New Projects\env\lib\site-packages\django\db\models\fields\__init__.py", line 1433, in get_prep_value
    return self.to_python(value)
  File "E:\My New Projects\env\lib\site-packages\django\db\models\fields\__init__.py", line 1399, in to_python
    raise exceptions.ValidationError(
django.core.exceptions.ValidationError: ['YYYY-MM-DD value has an invalid date format. It must be in YYYY-MM-DD format.']
ERROR "POST /user_register HTTP/1.1" 500 148012
INFO E:\My New Projects\plant_Transport\master\views.py changed, reloading.
INFO Watching for file changes with StatReloader
ERROR Internal Server Error: /user_register
Traceback (most recent call last):
  File "E:\My New Projects\env\lib\site-packages\django\utils\dateparse.py", line 74, in parse_date
    return datetime.date.fromisoformat(value)
ValueError: year 0 is out of range

During handling of the above exception, another exception occurred:

Traceback (most recent call last):
  File "E:\My New Projects\env\lib\site-packages\django\db\models\fields\__init__.py", line 1389, in to_python
    parsed = parse_date(value)
  File "E:\My New Projects\env\lib\site-packages\django\utils\dateparse.py", line 78, in parse_date
    return datetime.date(**kw)
ValueError: year 0 is out of range

During handling of the above exception, another exception occurred:

Traceback (most recent call last):
  File "E:\My New Projects\env\lib\site-packages\django\core\handlers\exception.py", line 55, in inner
    response = get_response(request)
  File "E:\My New Projects\env\lib\site-packages\django\core\handlers\base.py", line 197, in _get_response
    response = wrapped_callback(request, *callback_args, **callback_kwargs)
  File "E:\My New Projects\plant_Transport\master\views.py", line 13, in user_register
    Register.objects.create(
  File "E:\My New Projects\env\lib\site-packages\django\db\models\manager.py", line 85, in manager_method
    return getattr(self.get_queryset(), name)(*args, **kwargs)
  File "E:\My New Projects\env\lib\site-packages\django\db\models\query.py", line 671, in create
    obj.save(force_insert=True, using=self.db)
  File "E:\My New Projects\env\lib\site-packages\django\db\models\base.py", line 831, in save
    self.save_base(
  File "E:\My New Projects\env\lib\site-packages\django\db\models\base.py", line 882, in save_base
    updated = self._save_table(
  File "E:\My New Projects\env\lib\site-packages\django\db\models\base.py", line 1025, in _save_table
    results = self._do_insert(
  File "E:\My New Projects\env\lib\site-packages\django\db\models\base.py", line 1066, in _do_insert
    return manager._insert(
  File "E:\My New Projects\env\lib\site-packages\django\db\models\manager.py", line 85, in manager_method
    return getattr(self.get_queryset(), name)(*args, **kwargs)
  File "E:\My New Projects\env\lib\site-packages\django\db\models\query.py", line 1790, in _insert
    return query.get_compiler(using=using).execute_sql(returning_fields)
  File "E:\My New Projects\env\lib\site-packages\django\db\models\sql\compiler.py", line 1656, in execute_sql
    for sql, params in self.as_sql():
  File "E:\My New Projects\env\lib\site-packages\django\db\models\sql\compiler.py", line 1580, in as_sql
    value_rows = [
  File "E:\My New Projects\env\lib\site-packages\django\db\models\sql\compiler.py", line 1581, in <listcomp>
    [
  File "E:\My New Projects\env\lib\site-packages\django\db\models\sql\compiler.py", line 1582, in <listcomp>
    self.prepare_value(field, self.pre_save_val(field, obj))
  File "E:\My New Projects\env\lib\site-packages\django\db\models\sql\compiler.py", line 1520, in prepare_value
    value = field.get_db_prep_save(value, connection=self.connection)
  File "E:\My New Projects\env\lib\site-packages\django\db\models\fields\__init__.py", line 925, in get_db_prep_save
    return self.get_db_prep_value(value, connection=connection, prepared=False)
  File "E:\My New Projects\env\lib\site-packages\django\db\models\fields\__init__.py", line 1438, in get_db_prep_value
    value = self.get_prep_value(value)
  File "E:\My New Projects\env\lib\site-packages\django\db\models\fields\__init__.py", line 1433, in get_prep_value
    return self.to_python(value)
  File "E:\My New Projects\env\lib\site-packages\django\db\models\fields\__init__.py", line 1393, in to_python
    raise exceptions.ValidationError(
django.core.exceptions.ValidationError: ['0000-00-00 value has the correct format (YYYY-MM-DD) but it is an invalid date.']
ERROR "POST /user_register HTTP/1.1" 500 160028
INFO E:\My New Projects\plant_Transport\master\models.py changed, reloading.
INFO Watching for file changes with StatReloader
INFO E:\My New Projects\plant_Transport\master\views.py changed, reloading.
INFO Watching for file changes with StatReloader
INFO Watching for file changes with StatReloader
INFO "POST /user_register HTTP/1.1" 302 0
INFO "GET /login HTTP/1.1" 200 263
INFO E:\My New Projects\plant_Transport\master\views.py changed, reloading.
INFO Watching for file changes with StatReloader
INFO E:\My New Projects\plant_Transport\master\views.py changed, reloading.
INFO Watching for file changes with StatReloader
INFO E:\My New Projects\plant_Transport\master\views.py changed, reloading.
INFO Watching for file changes with StatReloader
INFO E:\My New Projects\plant_Transport\master\views.py changed, reloading.
INFO Watching for file changes with StatReloader
INFO E:\My New Projects\plant_Transport\master\views.py changed, reloading.
INFO Watching for file changes with StatReloader
INFO E:\My New Projects\plant_Transport\master\views.py changed, reloading.
INFO Watching for file changes with StatReloader
INFO E:\My New Projects\plant_Transport\master\views.py changed, reloading.
INFO Watching for file changes with StatReloader
INFO E:\My New Projects\plant_Transport\master\views.py changed, reloading.
INFO Watching for file changes with StatReloader
INFO E:\My New Projects\plant_Transport\master\views.py changed, reloading.
INFO Watching for file changes with StatReloader
INFO E:\My New Projects\plant_Transport\master\views.py changed, reloading.
INFO Watching for file changes with StatReloader
INFO E:\My New Projects\plant_Transport\master\views.py changed, reloading.
INFO Watching for file changes with StatReloader
INFO E:\My New Projects\plant_Transport\master\views.py changed, reloading.
INFO Watching for file changes with StatReloader
INFO E:\My New Projects\plant_Transport\master\views.py changed, reloading.
INFO Watching for file changes with StatReloader
INFO E:\My New Projects\plant_Transport\master\views.py changed, reloading.
INFO Watching for file changes with StatReloader
INFO E:\My New Projects\plant_Transport\master\views.py changed, reloading.
INFO Watching for file changes with StatReloader
INFO E:\My New Projects\plant_Transport\master\views.py changed, reloading.
INFO Watching for file changes with StatReloader
INFO E:\My New Projects\plant_Transport\master\views.py changed, reloading.
INFO Watching for file changes with StatReloader
INFO E:\My New Projects\plant_Transport\master\views.py changed, reloading.
INFO Watching for file changes with StatReloader
INFO E:\My New Projects\plant_Transport\master\views.py changed, reloading.
INFO Watching for file changes with StatReloader
WARNING Not Found: /nlrac_meeting
WARNING "GET /nlrac_meeting HTTP/1.1" 404 2601
INFO Watching for file changes with StatReloader
WARNING Not Found: /nlrac_meeting_update/2
WARNING "GET /nlrac_meeting_update/2 HTTP/1.1" 404 2628
WARNING Not Found: /favicon.ico
WARNING "GET /favicon.ico HTTP/1.1" 404 2595
INFO E:\My New Projects\plant_Transport\master\views.py changed, reloading.
INFO Watching for file changes with StatReloader
INFO Watching for file changes with StatReloader
INFO Watching for file changes with StatReloader
INFO E:\My New Projects\plant_Transport\master\models.py changed, reloading.
INFO Watching for file changes with StatReloader
WARNING Not Found: /
WARNING "GET / HTTP/1.1" 404 2544
WARNING Not Found: /favicon.ico
WARNING "GET /favicon.ico HTTP/1.1" 404 2595
INFO "GET /user_register HTTP/1.1" 200 3453
INFO "GET /static/img/pngegg.png HTTP/1.1" 304 0
INFO "GET /static/img/pngegg1.png HTTP/1.1" 304 0
INFO "GET /static/img/pngegg4.png HTTP/1.1" 304 0
INFO "GET /static/img/pngegg2.png HTTP/1.1" 304 0
INFO "GET /static/img/pngegg3.png HTTP/1.1" 304 0
INFO "GET /static/css/bootstrap.min.css.map HTTP/1.1" 200 449111
INFO "GET /login HTTP/1.1" 200 263
INFO "GET /user_register HTTP/1.1" 200 3453
INFO Watching for file changes with StatReloader
INFO "GET /user_register HTTP/1.1" 200 3453
WARNING Not Found: /dlrac_meeting
WARNING "GET /dlrac_meeting HTTP/1.1" 404 2601
INFO Watching for file changes with StatReloader
INFO Watching for file changes with StatReloader
INFO Watching for file changes with StatReloader
INFO Watching for file changes with StatReloader
INFO Watching for file changes with StatReloader
INFO "GET /user_register HTTP/1.1" 200 3453
INFO "GET /static/img/pngegg.png HTTP/1.1" 304 0
INFO "GET /static/img/pngegg2.png HTTP/1.1" 304 0
INFO "GET /static/img/pngegg1.png HTTP/1.1" 304 0
INFO "GET /static/img/pngegg3.png HTTP/1.1" 304 0
INFO "GET /static/img/pngegg4.png HTTP/1.1" 304 0
INFO "GET /country_data HTTP/1.1" 200 0
INFO E:\My New Projects\plant_Transport\master\urls.py changed, reloading.
INFO Watching for file changes with StatReloader
INFO E:\My New Projects\plant_Transport\master\urls.py changed, reloading.
INFO Watching for file changes with StatReloader
INFO E:\My New Projects\plant_Transport\master\urls.py changed, reloading.
INFO Watching for file changes with StatReloader
INFO "GET /state_data HTTP/1.1" 200 0
INFO E:\My New Projects\plant_Transport\master\urls.py changed, reloading.
INFO Watching for file changes with StatReloader
INFO E:\My New Projects\plant_Transport\master\urls.py changed, reloading.
INFO Watching for file changes with StatReloader
INFO E:\My New Projects\plant_Transport\master\urls.py changed, reloading.
INFO Watching for file changes with StatReloader
INFO "GET /distric_data HTTP/1.1" 200 0
INFO E:\My New Projects\plant_Transport\master\urls.py changed, reloading.
INFO Watching for file changes with StatReloader
INFO E:\My New Projects\plant_Transport\master\urls.py changed, reloading.
INFO Watching for file changes with StatReloader
INFO "GET /login HTTP/1.1" 200 263
INFO "GET /user_register HTTP/1.1" 200 3453
INFO "GET /login HTTP/1.1" 200 459
INFO "GET /login HTTP/1.1" 200 475
INFO "GET /login HTTP/1.1" 200 544
INFO "GET /login HTTP/1.1" 200 930
INFO "GET /login HTTP/1.1" 200 936
INFO "GET /login HTTP/1.1" 200 963
INFO "GET /login HTTP/1.1" 200 963
INFO "GET /login HTTP/1.1" 200 963
INFO "GET /static/css/bootstrap.min.css.map HTTP/1.1" 200 449111
INFO "GET /login HTTP/1.1" 200 957
INFO "GET /login HTTP/1.1" 200 957
INFO "GET /login HTTP/1.1" 200 952
INFO "GET /login HTTP/1.1" 200 952
INFO "GET /login HTTP/1.1" 200 953
INFO "GET /login HTTP/1.1" 200 940
INFO "GET /login HTTP/1.1" 200 931
INFO "GET /login HTTP/1.1" 200 931
INFO "GET /static/css/bootstrap.min.css.map HTTP/1.1" 200 449111
INFO "GET /login HTTP/1.1" 200 743
INFO "GET /static/css/bootstrap.min.css.map HTTP/1.1" 200 449111
INFO "GET /login HTTP/1.1" 200 798
INFO "GET /login HTTP/1.1" 200 811
INFO "GET /login HTTP/1.1" 200 822
INFO "GET /login HTTP/1.1" 200 848
INFO "GET /login HTTP/1.1" 200 867
INFO "GET /login HTTP/1.1" 200 867
INFO "GET /login HTTP/1.1" 200 865
INFO "GET /static/css/bootstrap.min.css.map HTTP/1.1" 200 449111
INFO "GET /login HTTP/1.1" 200 918
INFO "GET /login HTTP/1.1" 200 937
INFO "GET /login HTTP/1.1" 200 929
INFO "GET /static/css/bootstrap.min.css.map HTTP/1.1" 200 449111
INFO "GET /login HTTP/1.1" 200 937
INFO "GET /static/css/bootstrap.min.css.map HTTP/1.1" 200 449111
INFO "GET /login HTTP/1.1" 200 1047
INFO "GET /static/css/bootstrap.min.css.map HTTP/1.1" 200 449111
INFO "GET /login HTTP/1.1" 200 1017
INFO "GET /static/css/bootstrap.min.css.map HTTP/1.1" 200 449111
INFO "GET /login HTTP/1.1" 200 1007
INFO "GET /static/css/bootstrap.min.css.map HTTP/1.1" 200 449111
INFO "GET /login HTTP/1.1" 200 1028
INFO "GET /static/css/bootstrap.min.css.map HTTP/1.1" 200 449111
INFO "GET /login HTTP/1.1" 200 1024
INFO "GET /static/css/bootstrap.min.css.map HTTP/1.1" 200 449111
INFO "GET /login HTTP/1.1" 200 1025
INFO "GET /static/css/bootstrap.min.css.map HTTP/1.1" 200 449111
INFO "GET /login HTTP/1.1" 200 1026
INFO "GET /static/css/bootstrap.min.css.map HTTP/1.1" 200 449111
WARNING Not Found: /home
WARNING "GET /home HTTP/1.1" 404 2574
INFO E:\My New Projects\plant_Transport\master\views.py changed, reloading.
INFO Watching for file changes with StatReloader
INFO E:\My New Projects\plant_Transport\master\urls.py changed, reloading.
INFO Watching for file changes with StatReloader
INFO "GET /home HTTP/1.1" 200 1798
INFO "GET /static/js/bootstrap.bundle.min.js HTTP/1.1" 200 78468
INFO "GET /home HTTP/1.1" 200 1798
INFO "GET /home HTTP/1.1" 200 1798
INFO "GET /home HTTP/1.1" 200 1798
INFO "GET /home HTTP/1.1" 200 1798
INFO "GET /home HTTP/1.1" 200 1798
INFO "GET /home HTTP/1.1" 200 1798
INFO "GET /home HTTP/1.1" 200 1798
INFO "GET /home HTTP/1.1" 200 1798
INFO "GET /home HTTP/1.1" 200 1798
INFO "GET /home HTTP/1.1" 200 1798
INFO "GET /home HTTP/1.1" 200 1798
INFO "GET /home HTTP/1.1" 200 1798
INFO "GET /home HTTP/1.1" 200 1798
INFO "GET /home HTTP/1.1" 200 2319
INFO "GET /home HTTP/1.1" 200 1798
INFO "GET /home HTTP/1.1" 200 1798
INFO "GET /home HTTP/1.1" 200 2873
INFO "GET /home HTTP/1.1" 200 2873
INFO "GET /home HTTP/1.1" 200 2867
INFO "GET /home HTTP/1.1" 200 2873
INFO "GET /home HTTP/1.1" 200 2873
INFO "GET /static/css/bootstrap.min.css.map HTTP/1.1" 200 449111
INFO "GET /static/js/bootstrap.bundle.min.js.map HTTP/1.1" 200 327261
INFO "GET /home HTTP/1.1" 200 2865
INFO "GET /static/js/bootstrap.bundle.min.js.map HTTP/1.1" 200 327261
INFO "GET /static/css/bootstrap.min.css.map HTTP/1.1" 200 449111
INFO "GET /home HTTP/1.1" 200 2294
INFO "GET /home HTTP/1.1" 200 2878
INFO Watching for file changes with StatReloader
INFO "GET /static/css/bootstrap.min.css HTTP/1.1" 304 0
WARNING Not Found: /favicon.ico
WARNING "GET /favicon.ico HTTP/1.1" 404 2759
INFO "GET /home HTTP/1.1" 200 3010
INFO "GET /home HTTP/1.1" 200 3011
WARNING Not Found: /nlrac_meeting_status_list
WARNING "GET /nlrac_meeting_status_list HTTP/1.1" 404 2801
INFO "GET /home HTTP/1.1" 200 3011
INFO "GET /home HTTP/1.1" 200 3023
INFO "GET /home HTTP/1.1" 200 5436
WARNING Not Found: /...
WARNING "GET /... HTTP/1.1" 404 2735
INFO "GET /home HTTP/1.1" 200 5903
INFO "GET /home HTTP/1.1" 200 5901
INFO "GET /home HTTP/1.1" 200 5923
INFO "GET /home HTTP/1.1" 200 5922
INFO "GET /home HTTP/1.1" 200 5922
INFO "GET /home HTTP/1.1" 200 5922
INFO "GET /home HTTP/1.1" 200 5922
INFO "GET /home HTTP/1.1" 200 5902
INFO "GET /home HTTP/1.1" 200 5902
INFO "GET /home HTTP/1.1" 200 5902
INFO "GET /home HTTP/1.1" 200 5922
INFO "GET /home HTTP/1.1" 200 5922
INFO "GET /home HTTP/1.1" 200 5922
INFO "GET /home HTTP/1.1" 200 5902
INFO "GET /home HTTP/1.1" 200 5911
INFO "GET /home HTTP/1.1" 200 5926
INFO "GET /home HTTP/1.1" 200 5951
INFO "GET /home HTTP/1.1" 200 5951
INFO "GET /home HTTP/1.1" 200 5951
INFO "GET /home HTTP/1.1" 200 5951
INFO "GET /user_register HTTP/1.1" 200 3453
INFO "GET /home HTTP/1.1" 200 5961
INFO "GET /home HTTP/1.1" 200 5996
INFO "GET /home HTTP/1.1" 200 6128
INFO "GET /home HTTP/1.1" 200 6150
INFO "GET /home HTTP/1.1" 200 6150
INFO "GET /home HTTP/1.1" 200 6150
INFO "GET /home HTTP/1.1" 200 6150
INFO "GET /home HTTP/1.1" 200 6150
INFO "GET /home HTTP/1.1" 200 6172
INFO "GET /home HTTP/1.1" 200 6172
INFO "GET /home HTTP/1.1" 200 8195
WARNING Not Found: /...
WARNING "GET /... HTTP/1.1" 404 2735
INFO "GET /home HTTP/1.1" 200 8270
INFO "GET /home HTTP/1.1" 200 8897
INFO "GET /home HTTP/1.1" 200 8900
INFO "GET /home HTTP/1.1" 200 8900
INFO "GET /home HTTP/1.1" 200 8900
INFO "GET /home HTTP/1.1" 200 8903
INFO "GET /home HTTP/1.1" 200 8901
INFO "GET /home HTTP/1.1" 200 8901
INFO "GET /home HTTP/1.1" 200 8900
INFO "GET /static/js/bootstrap.bundle.min.js.map HTTP/1.1" 200 327261
INFO "GET /static/css/bootstrap.min.css.map HTTP/1.1" 200 449111
INFO "GET /home HTTP/1.1" 200 8937
INFO "GET /static/css/bootstrap.min.css.map HTTP/1.1" 200 449111
INFO "GET /static/js/bootstrap.bundle.min.js.map HTTP/1.1" 200 327261
INFO Watching for file changes with StatReloader
INFO Watching for file changes with StatReloader
INFO Watching for file changes with StatReloader
INFO "GET /static/img/pngegg4.png HTTP/1.1" 304 0
WARNING Not Found: /favicon.ico
WARNING "GET /favicon.ico HTTP/1.1" 404 2759
INFO "GET /home HTTP/1.1" 200 8940
INFO "GET /home HTTP/1.1" 200 8940
INFO "GET /home HTTP/1.1" 200 8940
INFO "GET /home HTTP/1.1" 200 8940
INFO "GET /home HTTP/1.1" 200 8940
INFO "GET /home HTTP/1.1" 200 8940
INFO "GET /home HTTP/1.1" 200 8937
INFO "GET /home HTTP/1.1" 200 8937
INFO "GET /home HTTP/1.1" 200 8968
INFO "GET /home HTTP/1.1" 200 8968
INFO "GET /home HTTP/1.1" 200 8968
INFO "GET /home HTTP/1.1" 200 8968
INFO "GET /home HTTP/1.1" 200 8968
INFO "GET /home HTTP/1.1" 200 8968
INFO "GET /home HTTP/1.1" 200 8957
INFO "GET /home HTTP/1.1" 200 8957
INFO "GET /home HTTP/1.1" 200 8957
INFO "GET /home HTTP/1.1" 200 8957
INFO "GET /home HTTP/1.1" 200 8952
INFO "GET /home HTTP/1.1" 200 8959
INFO "GET /home HTTP/1.1" 200 8960
INFO "GET /home HTTP/1.1" 200 8964
INFO "GET /home HTTP/1.1" 200 8964
INFO "GET /home HTTP/1.1" 200 8960
INFO "GET /home HTTP/1.1" 200 8965
INFO "GET /home HTTP/1.1" 200 8963
INFO "GET /home HTTP/1.1" 200 8970
INFO "GET /home HTTP/1.1" 200 8975
INFO "GET /home HTTP/1.1" 200 8997
INFO "GET /home HTTP/1.1" 200 9019
INFO "GET /home HTTP/1.1" 200 9032
INFO "GET /home HTTP/1.1" 200 9029
INFO "GET /home HTTP/1.1" 200 9031
INFO "GET /home HTTP/1.1" 200 9032
INFO "GET /home HTTP/1.1" 200 9032
INFO "GET /home HTTP/1.1" 200 9164
INFO "GET /home HTTP/1.1" 200 9186
INFO "GET /static/js/bootstrap.bundle.min.js.map HTTP/1.1" 200 327261
INFO "GET /static/css/bootstrap.min.css.map HTTP/1.1" 200 449111
INFO "GET /home HTTP/1.1" 200 9189
INFO "GET /home HTTP/1.1" 200 9208
INFO "GET /home HTTP/1.1" 200 9208
INFO "GET /home HTTP/1.1" 200 9246
INFO "GET /home HTTP/1.1" 200 9320
INFO "GET /home HTTP/1.1" 200 10143
INFO "GET /static/js/bootstrap.bundle.min.js.map HTTP/1.1" 200 327261
INFO "GET /static/css/bootstrap.min.css.map HTTP/1.1" 200 449111
INFO "GET /home HTTP/1.1" 200 10143
INFO "GET /static/css/bootstrap.min.css.map HTTP/1.1" 200 449111
INFO "GET /static/js/bootstrap.bundle.min.js.map HTTP/1.1" 200 327261
INFO "GET /static/js/bootstrap.bundle.min.js.map HTTP/1.1" 200 327261
INFO "GET /static/css/bootstrap.min.css.map HTTP/1.1" 200 449111
INFO "GET /home HTTP/1.1" 200 10086
INFO "GET /static/js/bootstrap.bundle.min.js.map HTTP/1.1" 200 327261
INFO "GET /static/css/bootstrap.min.css.map HTTP/1.1" 200 449111
INFO "GET /static/js/bootstrap.bundle.min.js.map HTTP/1.1" 200 327261
INFO "GET /static/css/bootstrap.min.css.map HTTP/1.1" 200 449111
INFO "GET /home HTTP/1.1" 200 10094
INFO "GET /static/js/bootstrap.bundle.min.js.map HTTP/1.1" 200 327261
INFO "GET /static/css/bootstrap.min.css.map HTTP/1.1" 200 449111
INFO "GET /home HTTP/1.1" 200 10569
INFO "GET /static/js/bootstrap.bundle.min.js.map HTTP/1.1" 200 327261
INFO "GET /static/css/bootstrap.min.css.map HTTP/1.1" 200 449111
INFO Watching for file changes with StatReloader
INFO "GET /home HTTP/1.1" 200 10569
INFO "GET /home HTTP/1.1" 200 12284
INFO "GET /home HTTP/1.1" 200 12285
INFO Watching for file changes with StatReloader
INFO "GET /static/img/pngegg4.png HTTP/1.1" 304 0
WARNING Not Found: /favicon.ico
WARNING "GET /favicon.ico HTTP/1.1" 404 2759
INFO "GET /home HTTP/1.1" 200 12666
INFO Watching for file changes with StatReloader
INFO Watching for file changes with StatReloader
INFO "GET /home HTTP/1.1" 200 12890
WARNING Not Found: /favicon.ico
WARNING "GET /favicon.ico HTTP/1.1" 404 2759
INFO "GET /home HTTP/1.1" 200 12899
INFO Watching for file changes with StatReloader
INFO Watching for file changes with StatReloader
INFO Watching for file changes with StatReloader
INFO "GET /static/img/pngegg4.png HTTP/1.1" 304 0
WARNING Not Found: /favicon.ico
WARNING "GET /favicon.ico HTTP/1.1" 404 2759
INFO "GET /home HTTP/1.1" 200 12899
INFO Watching for file changes with StatReloader
INFO "GET /home HTTP/1.1" 200 13225
INFO "GET /static/img/pngegg2.png HTTP/1.1" 304 0
INFO "GET /home HTTP/1.1" 200 13221
INFO "GET /home HTTP/1.1" 200 13254
INFO "GET /home HTTP/1.1" 200 13257
INFO "GET /home HTTP/1.1" 200 13257
INFO "GET /home HTTP/1.1" 200 13260
INFO "GET /home HTTP/1.1" 200 13264
INFO "GET /static/js/bootstrap.bundle.min.js.map HTTP/1.1" 200 327261
INFO "GET /static/css/bootstrap.min.css.map HTTP/1.1" 200 449111
INFO "GET /static/css/bootstrap.min.css.map HTTP/1.1" 200 449111
INFO "GET /static/js/bootstrap.bundle.min.js.map HTTP/1.1" 200 327261
WARNING "GET /static/img/favicon.ico HTTP/1.1" 404 1804
INFO "GET /home HTTP/1.1" 200 13244
INFO "GET /home HTTP/1.1" 200 13265
INFO "GET /home HTTP/1.1" 200 13588
INFO "GET /static/js/bootstrap.bundle.min.js.map HTTP/1.1" 200 327261
INFO "GET /static/css/bootstrap.min.css.map HTTP/1.1" 200 449111
INFO "GET /home HTTP/1.1" 200 13588
INFO "GET /static/css/bootstrap.min.css.map HTTP/1.1" 200 449111
INFO "GET /static/js/bootstrap.bundle.min.js.map HTTP/1.1" 200 327261
INFO "GET /home HTTP/1.1" 200 13588
INFO "GET /static/js/bootstrap.bundle.min.js.map HTTP/1.1" 200 327261
INFO "GET /static/css/bootstrap.min.css.map HTTP/1.1" 200 449111
INFO "GET /home HTTP/1.1" 200 13588
INFO "GET /static/css/bootstrap.min.css.map HTTP/1.1" 200 449111
INFO "GET /static/js/bootstrap.bundle.min.js.map HTTP/1.1" 200 327261
INFO "GET /home HTTP/1.1" 200 13588
INFO "GET /static/js/bootstrap.bundle.min.js.map HTTP/1.1" 200 327261
INFO "GET /static/css/bootstrap.min.css.map HTTP/1.1" 200 449111
INFO "GET /home HTTP/1.1" 200 13588
INFO "GET /home HTTP/1.1" 200 13588
INFO "GET /static/css/bootstrap.min.css.map HTTP/1.1" 200 449111
INFO "GET /static/js/bootstrap.bundle.min.js.map HTTP/1.1" 200 327261
INFO "GET /home HTTP/1.1" 200 13587
INFO "GET /static/js/bootstrap.bundle.min.js.map HTTP/1.1" 200 327261
INFO "GET /static/css/bootstrap.min.css.map HTTP/1.1" 200 449111
INFO "GET /home HTTP/1.1" 200 13596
INFO "GET /static/css/bootstrap.min.css.map HTTP/1.1" 200 449111
INFO "GET /static/js/bootstrap.bundle.min.js.map HTTP/1.1" 200 327261
INFO "GET /static/js/bootstrap.bundle.min.js.map HTTP/1.1" 200 327261
INFO "GET /static/css/bootstrap.min.css.map HTTP/1.1" 200 449111
INFO E:\My New Projects\plant_Transport\temp\view.py changed, reloading.
INFO Watching for file changes with StatReloader
INFO E:\My New Projects\plant_Transport\master\views.py changed, reloading.
INFO Watching for file changes with StatReloader
INFO E:\My New Projects\plant_Transport\master\urls.py changed, reloading.
INFO Watching for file changes with StatReloader
INFO E:\My New Projects\plant_Transport\master\urls.py changed, reloading.
INFO Watching for file changes with StatReloader
INFO "GET /home HTTP/1.1" 200 13596
INFO "GET /static/css/bootstrap.min.css.map HTTP/1.1" 200 449111
INFO "GET /static/js/bootstrap.bundle.min.js.map HTTP/1.1" 200 327261
INFO "GET /view HTTP/1.1" 200 3647
INFO "GET /static/css/bootstrap.min.css.map HTTP/1.1" 200 449111
INFO "GET /static/js/bootstrap.bundle.min.js.map HTTP/1.1" 200 327261
INFO "GET /view HTTP/1.1" 200 3680
INFO "GET /static/js/bootstrap.bundle.min.js.map HTTP/1.1" 200 327261
INFO "GET /static/css/bootstrap.min.css.map HTTP/1.1" 200 449111
INFO "GET /view HTTP/1.1" 200 3680
INFO "GET /static/js/bootstrap.bundle.min.js.map HTTP/1.1" 200 327261
INFO "GET /static/css/bootstrap.min.css.map HTTP/1.1" 200 449111
INFO "GET /view HTTP/1.1" 200 3686
INFO "GET /static/js/bootstrap.bundle.min.js.map HTTP/1.1" 200 327261
INFO "GET /static/css/bootstrap.min.css.map HTTP/1.1" 200 449111
INFO "GET /view HTTP/1.1" 200 3688
INFO "GET /static/js/bootstrap.bundle.min.js.map HTTP/1.1" 200 327261
INFO "GET /static/css/bootstrap.min.css.map HTTP/1.1" 200 449111
INFO "GET /view HTTP/1.1" 200 3705
INFO "GET /static/js/bootstrap.bundle.min.js.map HTTP/1.1" 200 327261
INFO "GET /static/css/bootstrap.min.css.map HTTP/1.1" 200 449111
INFO "GET /static/js/bootstrap.bundle.min.js.map HTTP/1.1" 200 327261
INFO "GET /static/css/bootstrap.min.css.map HTTP/1.1" 200 449111
INFO "GET /view HTTP/1.1" 200 3711
INFO "GET /static/js/bootstrap.bundle.min.js.map HTTP/1.1" 200 327261
INFO "GET /static/css/bootstrap.min.css.map HTTP/1.1" 200 449111
INFO "GET /static/js/bootstrap.bundle.min.js.map HTTP/1.1" 200 327261
INFO "GET /static/css/bootstrap.min.css.map HTTP/1.1" 200 449111
INFO "GET /view HTTP/1.1" 200 3723
INFO "GET /static/js/bootstrap.bundle.min.js.map HTTP/1.1" 200 327261
INFO "GET /static/css/bootstrap.min.css.map HTTP/1.1" 200 449111
INFO "GET /view HTTP/1.1" 200 3723
INFO "GET /static/js/bootstrap.bundle.min.js.map HTTP/1.1" 200 327261
INFO "GET /static/css/bootstrap.min.css.map HTTP/1.1" 200 449111
INFO "GET /static/js/bootstrap.bundle.min.js.map HTTP/1.1" 200 327261
INFO "GET /static/css/bootstrap.min.css.map HTTP/1.1" 200 449111
INFO "GET /view HTTP/1.1" 200 3723
INFO "GET /static/js/bootstrap.bundle.min.js.map HTTP/1.1" 200 327261
INFO "GET /static/css/bootstrap.min.css.map HTTP/1.1" 200 449111
INFO Watching for file changes with StatReloader
INFO Watching for file changes with StatReloader
INFO Watching for file changes with StatReloader
WARNING "GET /static/img/favicon.ico HTTP/1.1" 404 1804
WARNING Not Found: /favicon.ico
WARNING "GET /favicon.ico HTTP/1.1" 404 2923
INFO "GET /view HTTP/1.1" 200 3732
INFO "GET /view HTTP/1.1" 200 3758
INFO "GET /view HTTP/1.1" 200 3758
INFO "GET /view HTTP/1.1" 200 3758
INFO "GET /view HTTP/1.1" 200 3758
INFO "GET /view HTTP/1.1" 200 3758
INFO "GET /view HTTP/1.1" 200 3754
INFO "GET /view HTTP/1.1" 200 3763
INFO "GET /view HTTP/1.1" 200 3763
INFO "GET /view HTTP/1.1" 200 3763
INFO "GET /view HTTP/1.1" 200 3786
INFO "GET /view HTTP/1.1" 200 3796
INFO "GET /view HTTP/1.1" 200 3786
INFO "GET /view HTTP/1.1" 200 3786
INFO "GET /view HTTP/1.1" 200 3771
INFO Watching for file changes with StatReloader
INFO "GET /view HTTP/1.1" 200 3771
INFO "GET /static/js/bootstrap.bundle.min.js.map HTTP/1.1" 200 327261
INFO "GET /static/css/bootstrap.min.css.map HTTP/1.1" 200 449111
INFO "GET /view HTTP/1.1" 200 3876
INFO "GET /static/css/bootstrap.min.css.map HTTP/1.1" 200 449111
INFO "GET /static/js/bootstrap.bundle.min.js.map HTTP/1.1" 200 327261
INFO "GET /view HTTP/1.1" 200 4113
INFO "GET /static/css/bootstrap.min.css.map HTTP/1.1" 200 449111
INFO "GET /static/js/bootstrap.bundle.min.js.map HTTP/1.1" 200 327261
INFO "GET /static/js/bootstrap.bundle.min.js.map HTTP/1.1" 200 327261
INFO "GET /static/css/bootstrap.min.css.map HTTP/1.1" 200 449111
INFO "GET /view HTTP/1.1" 200 3775
INFO "GET /static/js/bootstrap.bundle.min.js.map HTTP/1.1" 200 327261
INFO "GET /static/css/bootstrap.min.css.map HTTP/1.1" 200 449111
INFO "GET /view HTTP/1.1" 200 4092
INFO "GET /view HTTP/1.1" 200 4092
INFO "GET /view HTTP/1.1" 200 4102
INFO "GET /view HTTP/1.1" 200 4135
INFO "GET /view HTTP/1.1" 200 4128
INFO "GET /view HTTP/1.1" 200 4111
INFO "GET /static/js/bootstrap.bundle.min.js.map HTTP/1.1" 200 327261
INFO "GET /static/css/bootstrap.min.css.map HTTP/1.1" 200 449111
INFO "GET /view HTTP/1.1" 200 4150
INFO "GET /static/js/bootstrap.bundle.min.js.map HTTP/1.1" 200 327261
INFO "GET /static/css/bootstrap.min.css.map HTTP/1.1" 200 449111
INFO "GET /view HTTP/1.1" 200 4406
INFO "GET /view HTTP/1.1" 200 4408
INFO Watching for file changes with StatReloader
INFO Watching for file changes with StatReloader
INFO Watching for file changes with StatReloader
WARNING Not Found: /favicon.ico
WARNING "GET /favicon.ico HTTP/1.1" 404 2923
WARNING "GET /static/img/favicon.ico HTTP/1.1" 404 1804
INFO "GET /view HTTP/1.1" 200 4408
INFO "GET /static/js/bootstrap.bundle.min.js.map HTTP/1.1" 200 327261
INFO "GET /static/css/bootstrap.min.css.map HTTP/1.1" 200 449111
INFO "GET /home HTTP/1.1" 200 13596
INFO "GET /static/img/pngegg4.png HTTP/1.1" 304 0
INFO "GET /static/img/pngegg2.png HTTP/1.1" 304 0
INFO Watching for file changes with StatReloader
INFO Watching for file changes with StatReloader
WARNING Not Found: /
WARNING "GET / HTTP/1.1" 404 2872
WARNING Not Found: /favicon.ico
WARNING "GET /favicon.ico HTTP/1.1" 404 2923
WARNING Not Found: /
WARNING "GET / HTTP/1.1" 404 2872
INFO "GET /user_register HTTP/1.1" 200 3453
INFO "GET /static/img/pngegg1.png HTTP/1.1" 304 0
INFO "GET /static/img/pngegg.png HTTP/1.1" 304 0
INFO "GET /static/img/pngegg2.png HTTP/1.1" 304 0
INFO "GET /static/img/pngegg4.png HTTP/1.1" 304 0
INFO "GET /static/img/pngegg3.png HTTP/1.1" 304 0
INFO "GET /login HTTP/1.1" 200 1026
INFO "GET /view HTTP/1.1" 200 4408
INFO "GET /static/js/bootstrap.bundle.min.js HTTP/1.1" 304 0
INFO "GET /home HTTP/1.1" 200 13596
INFO "GET /home HTTP/1.1" 200 13596
INFO "GET /home HTTP/1.1" 200 13596
INFO Watching for file changes with StatReloader
INFO Watching for file changes with StatReloader
INFO Watching for file changes with StatReloader
INFO Watching for file changes with StatReloader
INFO Watching for file changes with StatReloader
WARNING Not Found: /
WARNING "GET / HTTP/1.1" 404 2872
WARNING Not Found: /favicon.ico
WARNING "GET /favicon.ico HTTP/1.1" 404 2923
INFO "GET /home HTTP/1.1" 200 13596
INFO "GET /static/img/pngegg2.png HTTP/1.1" 200 1506364
INFO "GET /static/js/bootstrap.bundle.min.js HTTP/1.1" 200 78468
INFO "GET /static/img/pngegg4.png HTTP/1.1" 200 6946021
INFO "GET /login HTTP/1.1" 200 1026
WARNING Not Found: /register
WARNING "GET /register HTTP/1.1" 404 2914
INFO "GET /user_register HTTP/1.1" 200 3453
INFO "GET /static/img/pngegg.png HTTP/1.1" 200 395595
INFO "GET /static/img/pngegg1.png HTTP/1.1" 200 381695
INFO "GET /static/img/pngegg3.png HTTP/1.1" 200 862685
INFO Watching for file changes with StatReloader
INFO E:\My New Projects\plant_Transport\master\urls.py changed, reloading.
INFO Watching for file changes with StatReloader
INFO "GET / HTTP/1.1" 200 3453
INFO Watching for file changes with StatReloader
INFO Watching for file changes with StatReloader
INFO Watching for file changes with StatReloader
INFO C:\Users\bharg\OneDrive\Desktop\Siva\Plant-Trnsport\customer\views.py changed, reloading.
INFO Watching for file changes with StatReloader
INFO C:\Users\bharg\OneDrive\Desktop\Siva\Plant-Trnsport\customer\views.py changed, reloading.
INFO Watching for file changes with StatReloader
INFO C:\Users\bharg\OneDrive\Desktop\Siva\Plant-Trnsport\customer\views.py changed, reloading.
INFO Watching for file changes with StatReloader
INFO C:\Users\bharg\OneDrive\Desktop\Siva\Plant-Trnsport\plant_Transport\settings.py changed, reloading.
INFO Watching for file changes with StatReloader
INFO Watching for file changes with StatReloader
INFO C:\Users\bharg\OneDrive\Desktop\Siva\Plant-Trnsport\plant_Transport\settings.py changed, reloading.
INFO Watching for file changes with StatReloader
INFO C:\Users\bharg\OneDrive\Desktop\Siva\Plant-Trnsport\plant_Transport\settings.py changed, reloading.
INFO Watching for file changes with StatReloader
INFO Watching for file changes with StatReloader
WARNING Not Found: /
WARNING "GET / HTTP/1.1" 404 2194
WARNING Not Found: /favicon.ico
WARNING "GET /favicon.ico HTTP/1.1" 404 2245
INFO C:\Users\bharg\OneDrive\Desktop\Siva\Plant-Trnsport\plant_Transport\urls.py changed, reloading.
INFO Watching for file changes with StatReloader
INFO C:\Users\bharg\OneDrive\Desktop\Siva\Plant-Trnsport\customer\urls.py changed, reloading.
INFO Watching for file changes with StatReloader
INFO C:\Users\bharg\OneDrive\Desktop\Siva\Plant-Trnsport\customer\urls.py changed, reloading.
INFO Watching for file changes with StatReloader
INFO C:\Users\bharg\OneDrive\Desktop\Siva\Plant-Trnsport\customer\urls.py changed, reloading.
INFO Watching for file changes with StatReloader
WARNING Not Found: /
WARNING "GET / HTTP/1.1" 404 2368
INFO C:\Users\bharg\OneDrive\Desktop\Siva\Plant-Trnsport\customer\urls.py changed, reloading.
INFO Watching for file changes with StatReloader
INFO "GET / HTTP/1.1" 200 1026
INFO "GET /static/css/bootstrap.min.css HTTP/1.1" 200 162726
INFO C:\Users\bharg\OneDrive\Desktop\Siva\Plant-Trnsport\customer\views.py changed, reloading.
INFO Watching for file changes with StatReloader
INFO "GET / HTTP/1.1" 200 3453
INFO "GET /static/img/pngegg.png HTTP/1.1" 200 395595
INFO "GET /static/img/pngegg1.png HTTP/1.1" 200 381695
INFO "GET /static/img/pngegg2.png HTTP/1.1" 200 1506364
INFO "GET /static/img/pngegg3.png HTTP/1.1" 200 862685
INFO "GET /static/img/pngegg4.png HTTP/1.1" 200 6946021
INFO C:\Users\bharg\OneDrive\Desktop\Siva\Plant-Trnsport\customer\views.py changed, reloading.
INFO Watching for file changes with StatReloader
INFO C:\Users\bharg\OneDrive\Desktop\Siva\Plant-Trnsport\customer\views.py changed, reloading.
INFO Watching for file changes with StatReloader
ERROR Internal Server Error: /
Traceback (most recent call last):
  File "C:\Users\bharg\OneDrive\Desktop\Siva\env\Lib\site-packages\django\core\handlers\exception.py", line 55, in inner
    response = get_response(request)
               ^^^^^^^^^^^^^^^^^^^^^
  File "C:\Users\bharg\OneDrive\Desktop\Siva\env\Lib\site-packages\django\utils\deprecation.py", line 136, in __call__
    response = self.process_response(request, response)
               ^^^^^^^^^^^^^^^^^^^^^^^^^^^^^^^^^^^^^^^^
  File "C:\Users\bharg\OneDrive\Desktop\Siva\env\Lib\site-packages\django\middleware\clickjacking.py", line 27, in process_response
    if response.get("X-Frame-Options") is not None:
       ^^^^^^^^^^^^
AttributeError: 'str' object has no attribute 'get'
ERROR "POST / HTTP/1.1" 500 66012
INFO C:\Users\bharg\OneDrive\Desktop\Siva\Plant-Trnsport\customer\views.py changed, reloading.
INFO Watching for file changes with StatReloader
INFO C:\Users\bharg\OneDrive\Desktop\Siva\Plant-Trnsport\customer\views.py changed, reloading.
INFO Watching for file changes with StatReloader
INFO C:\Users\bharg\OneDrive\Desktop\Siva\Plant-Trnsport\customer\views.py changed, reloading.
INFO Watching for file changes with StatReloader
INFO "POST / HTTP/1.1" 200 4
INFO "GET / HTTP/1.1" 200 3453
INFO "POST / HTTP/1.1" 200 4
INFO C:\Users\bharg\OneDrive\Desktop\Siva\Plant-Trnsport\customer\views.py changed, reloading.
INFO Watching for file changes with StatReloader
INFO C:\Users\bharg\OneDrive\Desktop\Siva\Plant-Trnsport\customer\views.py changed, reloading.
INFO Watching for file changes with StatReloader
INFO "GET / HTTP/1.1" 200 3453
INFO "POST / HTTP/1.1" 200 4
INFO "GET / HTTP/1.1" 200 3453
INFO "GET / HTTP/1.1" 200 3453
INFO "POST / HTTP/1.1" 200 4
INFO C:\Users\bharg\OneDrive\Desktop\Siva\Plant-Trnsport\customer\views.py changed, reloading.
INFO Watching for file changes with StatReloader
INFO C:\Users\bharg\OneDrive\Desktop\Siva\Plant-Trnsport\customer\models.py changed, reloading.
INFO Watching for file changes with StatReloader
INFO C:\Users\bharg\OneDrive\Desktop\Siva\Plant-Trnsport\customer\models.py changed, reloading.
INFO Watching for file changes with StatReloader
INFO C:\Users\bharg\OneDrive\Desktop\Siva\Plant-Trnsport\customer\models.py changed, reloading.
INFO Watching for file changes with StatReloader
INFO C:\Users\bharg\OneDrive\Desktop\Siva\Plant-Trnsport\customer\models.py changed, reloading.
INFO Watching for file changes with StatReloader
